[ 2017-06-06T10:04:45+08:00 ] 127.0.0.1 /
INFO: [ app_begin ] --START--
INFO: Run ReadHtmlCache Behavior [ RunTime:0.001000s ]
INFO: Run check_ipban Behavior [ RunTime:0.000000s ]
INFO: Run load_lang Behavior [ RunTime:-0.005001s ]
INFO: [ app_begin ] --END-- [ RunTime:0.009001s ]
INFO: [ view_template ] --START--
INFO: Run basic_template Behavior [ RunTime:-0.022002s ]
INFO: [ view_template ] --END-- [ RunTime:0.003000s ]
INFO: [ view_parse ] --START--
INFO: [ view_template ] --START--
INFO: Run basic_template Behavior [ RunTime:-0.030002s ]
INFO: [ view_template ] --END-- [ RunTime:-0.005000s ]
INFO: [ view_template ] --START--
INFO: Run basic_template Behavior [ RunTime:-0.032002s ]
INFO: [ view_template ] --END-- [ RunTime:-0.007000s ]
INFO: [ view_template ] --START--
INFO: Run basic_template Behavior [ RunTime:-0.033002s ]
INFO: [ view_template ] --END-- [ RunTime:-0.008000s ]
INFO: [ view_template ] --START--
INFO: Run basic_template Behavior [ RunTime:-0.035002s ]
INFO: [ view_template ] --END-- [ RunTime:-0.010000s ]
NOTIC: [8] Undefined variable: page_seo D:\phpStudyB\WWW\baicai1\data\runtime\Cache\home\11e2f12d84b746b76491e3160c81a5b0.php 第 6 行.
NOTIC: [8] Undefined variable: page_seo D:\phpStudyB\WWW\baicai1\data\runtime\Cache\home\11e2f12d84b746b76491e3160c81a5b0.php 第 8 行.
NOTIC: [8] Undefined variable: page_seo D:\phpStudyB\WWW\baicai1\data\runtime\Cache\home\11e2f12d84b746b76491e3160c81a5b0.php 第 10 行.
INFO: Run ParseTemplate Behavior [ RunTime:-0.035002s ]
INFO: [ view_parse ] --END-- [ RunTime:0.029002s ]
INFO: [ view_filter ] --START--
INFO: Run ContentReplace Behavior [ RunTime:-0.055004s ]
INFO: Run TokenBuild Behavior [ RunTime:-0.056004s ]
INFO: Run WriteHtmlCache Behavior [ RunTime:-0.057004s ]
INFO: Run ShowRuntime Behavior [ RunTime:-0.058004s ]
INFO: Run content_replace Behavior [ RunTime:-0.059004s ]
INFO: [ view_filter ] --END-- [ RunTime:0.005000s ]
INFO: [ view_end ] --START--
INFO: Run ShowPageTrace Behavior [ RunTime:-0.060004s ]
INFO: [ view_end ] --END-- [ RunTime:0.001000s ]

[ 2017-06-06T10:04:48+08:00 ] 127.0.0.1 /blog-index
INFO: [ route_check ] --START--
INFO: Run CheckRoute Behavior [ RunTime:0.001001s ]
INFO: [ route_check ] --END-- [ RunTime:0.002001s ]
INFO: [ app_begin ] --START--
INFO: Run ReadHtmlCache Behavior [ RunTime:-0.001000s ]
INFO: Run check_ipban Behavior [ RunTime:-0.001000s ]
INFO: Run load_lang Behavior [ RunTime:-0.002000s ]
INFO: [ app_begin ] --END-- [ RunTime:0.003000s ]
INFO: [ view_template ] --START--
INFO: Run basic_template Behavior [ RunTime:-0.009000s ]
INFO: [ view_template ] --END-- [ RunTime:0.001000s ]
INFO: [ view_parse ] --START--
INFO: [ view_template ] --START--
INFO: Run basic_template Behavior [ RunTime:-0.013000s ]
INFO: [ view_template ] --END-- [ RunTime:-0.003000s ]
INFO: [ view_template ] --START--
INFO: Run basic_template Behavior [ RunTime:-0.013000s ]
INFO: [ view_template ] --END-- [ RunTime:-0.003000s ]
INFO: [ view_template ] --START--
INFO: Run basic_template Behavior [ RunTime:-0.013000s ]
INFO: [ view_template ] --END-- [ RunTime:-0.003000s ]
INFO: [ view_template ] --START--
INFO: Run basic_template Behavior [ RunTime:-0.014000s ]
INFO: [ view_template ] --END-- [ RunTime:-0.004000s ]
NOTIC: [8] Undefined variable: page_seo D:\phpStudyB\WWW\baicai1\data\runtime\Cache\home\b9e6d82fc6a9928baaa2818a2b9d458d.php 第 6 行.
NOTIC: [8] Undefined variable: page_seo D:\phpStudyB\WWW\baicai1\data\runtime\Cache\home\b9e6d82fc6a9928baaa2818a2b9d458d.php 第 8 行.
NOTIC: [8] Undefined variable: page_seo D:\phpStudyB\WWW\baicai1\data\runtime\Cache\home\b9e6d82fc6a9928baaa2818a2b9d458d.php 第 10 行.
INFO: Run ParseTemplate Behavior [ RunTime:-0.014000s ]
INFO: [ view_parse ] --END-- [ RunTime:0.015001s ]
INFO: [ view_filter ] --START--
INFO: Run ContentReplace Behavior [ RunTime:-0.025001s ]
INFO: Run TokenBuild Behavior [ RunTime:-0.026001s ]
INFO: Run WriteHtmlCache Behavior [ RunTime:-0.026001s ]
INFO: Run ShowRuntime Behavior [ RunTime:-0.026001s ]
INFO: Run content_replace Behavior [ RunTime:-0.027001s ]
INFO: [ view_filter ] --END-- [ RunTime:0.003000s ]
INFO: [ view_end ] --START--
INFO: Run ShowPageTrace Behavior [ RunTime:-0.028001s ]
INFO: [ view_end ] --END-- [ RunTime:0.001000s ]

[ 2017-06-06T10:04:52+08:00 ] 127.0.0.1 /
INFO: [ app_begin ] --START--
INFO: Run ReadHtmlCache Behavior [ RunTime:0.001000s ]
INFO: Run check_ipban Behavior [ RunTime:0.000000s ]
INFO: Run load_lang Behavior [ RunTime:-0.001000s ]
INFO: [ app_begin ] --END-- [ RunTime:0.003000s ]
INFO: [ view_template ] --START--
INFO: Run basic_template Behavior [ RunTime:-0.006000s ]
INFO: [ view_template ] --END-- [ RunTime:0.000000s ]
INFO: [ view_parse ] --START--
INFO: [ view_template ] --START--
INFO: Run basic_template Behavior [ RunTime:-0.008000s ]
INFO: [ view_template ] --END-- [ RunTime:-0.002000s ]
INFO: [ view_template ] --START--
INFO: Run basic_template Behavior [ RunTime:-0.008000s ]
INFO: [ view_template ] --END-- [ RunTime:-0.002000s ]
INFO: [ view_template ] --START--
INFO: Run basic_template Behavior [ RunTime:-0.009001s ]
INFO: [ view_template ] --END-- [ RunTime:-0.003001s ]
INFO: [ view_template ] --START--
INFO: Run basic_template Behavior [ RunTime:-0.009001s ]
INFO: [ view_template ] --END-- [ RunTime:-0.003001s ]
NOTIC: [8] Undefined variable: page_seo D:\phpStudyB\WWW\baicai1\data\runtime\Cache\home\11e2f12d84b746b76491e3160c81a5b0.php 第 6 行.
NOTIC: [8] Undefined variable: page_seo D:\phpStudyB\WWW\baicai1\data\runtime\Cache\home\11e2f12d84b746b76491e3160c81a5b0.php 第 8 行.
NOTIC: [8] Undefined variable: page_seo D:\phpStudyB\WWW\baicai1\data\runtime\Cache\home\11e2f12d84b746b76491e3160c81a5b0.php 第 10 行.
INFO: Run ParseTemplate Behavior [ RunTime:-0.009001s ]
INFO: [ view_parse ] --END-- [ RunTime:0.015001s ]
INFO: [ view_filter ] --START--
INFO: Run ContentReplace Behavior [ RunTime:-0.021001s ]
INFO: Run TokenBuild Behavior [ RunTime:-0.021001s ]
INFO: Run WriteHtmlCache Behavior [ RunTime:-0.021001s ]
INFO: Run ShowRuntime Behavior [ RunTime:-0.022001s ]
INFO: Run content_replace Behavior [ RunTime:-0.023001s ]
INFO: [ view_filter ] --END-- [ RunTime:0.002000s ]
INFO: [ view_end ] --START--
INFO: Run ShowPageTrace Behavior [ RunTime:-0.023001s ]
INFO: [ view_end ] --END-- [ RunTime:0.001000s ]

[ 2017-06-06T10:04:53+08:00 ] 127.0.0.1 /blog-index
INFO: [ route_check ] --START--
INFO: Run CheckRoute Behavior [ RunTime:0.002000s ]
INFO: [ route_check ] --END-- [ RunTime:0.002000s ]
INFO: [ app_begin ] --START--
INFO: Run ReadHtmlCache Behavior [ RunTime:-0.001000s ]
INFO: Run check_ipban Behavior [ RunTime:-0.002000s ]
INFO: Run load_lang Behavior [ RunTime:-0.003000s ]
INFO: [ app_begin ] --END-- [ RunTime:0.004000s ]
INFO: [ view_template ] --START--
INFO: Run basic_template Behavior [ RunTime:-0.011001s ]
INFO: [ view_template ] --END-- [ RunTime:0.001000s ]
INFO: [ view_parse ] --START--
INFO: [ view_template ] --START--
INFO: Run basic_template Behavior [ RunTime:-0.014001s ]
INFO: [ view_template ] --END-- [ RunTime:-0.002000s ]
INFO: [ view_template ] --START--
INFO: Run basic_template Behavior [ RunTime:-0.015001s ]
INFO: [ view_template ] --END-- [ RunTime:-0.003000s ]
INFO: [ view_template ] --START--
INFO: Run basic_template Behavior [ RunTime:-0.015001s ]
INFO: [ view_template ] --END-- [ RunTime:-0.003000s ]
INFO: [ view_template ] --START--
INFO: Run basic_template Behavior [ RunTime:-0.015001s ]
INFO: [ view_template ] --END-- [ RunTime:-0.003000s ]
NOTIC: [8] Undefined variable: page_seo D:\phpStudyB\WWW\baicai1\data\runtime\Cache\home\b9e6d82fc6a9928baaa2818a2b9d458d.php 第 6 行.
NOTIC: [8] Undefined variable: page_seo D:\phpStudyB\WWW\baicai1\data\runtime\Cache\home\b9e6d82fc6a9928baaa2818a2b9d458d.php 第 8 行.
NOTIC: [8] Undefined variable: page_seo D:\phpStudyB\WWW\baicai1\data\runtime\Cache\home\b9e6d82fc6a9928baaa2818a2b9d458d.php 第 10 行.
INFO: Run ParseTemplate Behavior [ RunTime:-0.015001s ]
INFO: [ view_parse ] --END-- [ RunTime:0.016001s ]
INFO: [ view_filter ] --START--
INFO: Run ContentReplace Behavior [ RunTime:-0.028002s ]
INFO: Run TokenBuild Behavior [ RunTime:-0.029002s ]
INFO: Run WriteHtmlCache Behavior [ RunTime:-0.030002s ]
INFO: Run ShowRuntime Behavior [ RunTime:-0.031002s ]
INFO: Run content_replace Behavior [ RunTime:-0.032002s ]
INFO: [ view_filter ] --END-- [ RunTime:0.004000s ]
INFO: [ view_end ] --START--
INFO: Run ShowPageTrace Behavior [ RunTime:-0.032002s ]
INFO: [ view_end ] --END-- [ RunTime:0.001000s ]

[ 2017-06-06T10:04:54+08:00 ] 127.0.0.1 /
INFO: [ app_begin ] --START--
INFO: Run ReadHtmlCache Behavior [ RunTime:0.000000s ]
INFO: Run check_ipban Behavior [ RunTime:0.000000s ]
INFO: Run load_lang Behavior [ RunTime:-0.002000s ]
INFO: [ app_begin ] --END-- [ RunTime:0.003000s ]
INFO: [ view_template ] --START--
INFO: Run basic_template Behavior [ RunTime:-0.007001s ]
INFO: [ view_template ] --END-- [ RunTime:0.001000s ]
INFO: [ view_parse ] --START--
INFO: [ view_template ] --START--
INFO: Run basic_template Behavior [ RunTime:-0.011001s ]
INFO: [ view_template ] --END-- [ RunTime:-0.003000s ]
INFO: [ view_template ] --START--
INFO: Run basic_template Behavior [ RunTime:-0.011001s ]
INFO: [ view_template ] --END-- [ RunTime:-0.003000s ]
INFO: [ view_template ] --START--
INFO: Run basic_template Behavior [ RunTime:-0.012001s ]
INFO: [ view_template ] --END-- [ RunTime:-0.004000s ]
INFO: [ view_template ] --START--
INFO: Run basic_template Behavior [ RunTime:-0.013001s ]
INFO: [ view_template ] --END-- [ RunTime:-0.005000s ]
NOTIC: [8] Undefined variable: page_seo D:\phpStudyB\WWW\baicai1\data\runtime\Cache\home\11e2f12d84b746b76491e3160c81a5b0.php 第 6 行.
NOTIC: [8] Undefined variable: page_seo D:\phpStudyB\WWW\baicai1\data\runtime\Cache\home\11e2f12d84b746b76491e3160c81a5b0.php 第 8 行.
NOTIC: [8] Undefined variable: page_seo D:\phpStudyB\WWW\baicai1\data\runtime\Cache\home\11e2f12d84b746b76491e3160c81a5b0.php 第 10 行.
INFO: Run ParseTemplate Behavior [ RunTime:-0.013001s ]
INFO: [ view_parse ] --END-- [ RunTime:0.018001s ]
INFO: [ view_filter ] --START--
INFO: Run ContentReplace Behavior [ RunTime:-0.026002s ]
INFO: Run TokenBuild Behavior [ RunTime:-0.026002s ]
INFO: Run WriteHtmlCache Behavior [ RunTime:-0.027002s ]
INFO: Run ShowRuntime Behavior [ RunTime:-0.028002s ]
INFO: Run content_replace Behavior [ RunTime:-0.028002s ]
INFO: [ view_filter ] --END-- [ RunTime:0.004000s ]
INFO: [ view_end ] --START--
INFO: Run ShowPageTrace Behavior [ RunTime:-0.030002s ]
INFO: [ view_end ] --END-- [ RunTime:0.001000s ]

[ 2017-06-06T10:04:55+08:00 ] 127.0.0.1 /blog-index
INFO: [ route_check ] --START--
INFO: Run CheckRoute Behavior [ RunTime:0.001000s ]
INFO: [ route_check ] --END-- [ RunTime:0.001000s ]
INFO: [ app_begin ] --START--
INFO: Run ReadHtmlCache Behavior [ RunTime:-0.001000s ]
INFO: Run check_ipban Behavior [ RunTime:-0.001000s ]
INFO: Run load_lang Behavior [ RunTime:-0.003000s ]
INFO: [ app_begin ] --END-- [ RunTime:0.003000s ]
INFO: [ view_template ] --START--
INFO: Run basic_template Behavior [ RunTime:-0.009000s ]
INFO: [ view_template ] --END-- [ RunTime:0.001000s ]
INFO: [ view_parse ] --START--
INFO: [ view_template ] --START--
INFO: Run basic_template Behavior [ RunTime:-0.012000s ]
INFO: [ view_template ] --END-- [ RunTime:-0.002000s ]
INFO: [ view_template ] --START--
INFO: Run basic_template Behavior [ RunTime:-0.013000s ]
INFO: [ view_template ] --END-- [ RunTime:-0.003000s ]
INFO: [ view_template ] --START--
INFO: Run basic_template Behavior [ RunTime:-0.013000s ]
INFO: [ view_template ] --END-- [ RunTime:-0.003000s ]
INFO: [ view_template ] --START--
INFO: Run basic_template Behavior [ RunTime:-0.013000s ]
INFO: [ view_template ] --END-- [ RunTime:-0.003000s ]
NOTIC: [8] Undefined variable: page_seo D:\phpStudyB\WWW\baicai1\data\runtime\Cache\home\b9e6d82fc6a9928baaa2818a2b9d458d.php 第 6 行.
NOTIC: [8] Undefined variable: page_seo D:\phpStudyB\WWW\baicai1\data\runtime\Cache\home\b9e6d82fc6a9928baaa2818a2b9d458d.php 第 8 行.
NOTIC: [8] Undefined variable: page_seo D:\phpStudyB\WWW\baicai1\data\runtime\Cache\home\b9e6d82fc6a9928baaa2818a2b9d458d.php 第 10 行.
INFO: Run ParseTemplate Behavior [ RunTime:-0.013000s ]
INFO: [ view_parse ] --END-- [ RunTime:0.015001s ]
INFO: [ view_filter ] --START--
INFO: Run ContentReplace Behavior [ RunTime:-0.025001s ]
INFO: Run TokenBuild Behavior [ RunTime:-0.025001s ]
INFO: Run WriteHtmlCache Behavior [ RunTime:-0.026001s ]
INFO: Run ShowRuntime Behavior [ RunTime:-0.027001s ]
INFO: Run content_replace Behavior [ RunTime:-0.027001s ]
INFO: [ view_filter ] --END-- [ RunTime:0.003000s ]
INFO: [ view_end ] --START--
INFO: Run ShowPageTrace Behavior [ RunTime:-0.028001s ]
INFO: [ view_end ] --END-- [ RunTime:0.001000s ]

[ 2017-06-06T10:05:00+08:00 ] 127.0.0.1 /
INFO: [ app_begin ] --START--
INFO: Run ReadHtmlCache Behavior [ RunTime:0.001000s ]
INFO: Run check_ipban Behavior [ RunTime:0.000000s ]
INFO: Run load_lang Behavior [ RunTime:-0.002000s ]
INFO: [ app_begin ] --END-- [ RunTime:0.004000s ]
INFO: [ view_template ] --START--
INFO: Run basic_template Behavior [ RunTime:-0.007000s ]
INFO: [ view_template ] --END-- [ RunTime:0.001000s ]
INFO: [ view_parse ] --START--
INFO: [ view_template ] --START--
INFO: Run basic_template Behavior [ RunTime:-0.010000s ]
INFO: [ view_template ] --END-- [ RunTime:-0.002000s ]
INFO: [ view_template ] --START--
INFO: Run basic_template Behavior [ RunTime:-0.011000s ]
INFO: [ view_template ] --END-- [ RunTime:-0.003000s ]
INFO: [ view_template ] --START--
INFO: Run basic_template Behavior [ RunTime:-0.011000s ]
INFO: [ view_template ] --END-- [ RunTime:-0.003000s ]
INFO: [ view_template ] --START--
INFO: Run basic_template Behavior [ RunTime:-0.011000s ]
INFO: [ view_template ] --END-- [ RunTime:-0.003000s ]
NOTIC: [8] Undefined variable: page_seo D:\phpStudyB\WWW\baicai1\data\runtime\Cache\home\11e2f12d84b746b76491e3160c81a5b0.php 第 6 行.
NOTIC: [8] Undefined variable: page_seo D:\phpStudyB\WWW\baicai1\data\runtime\Cache\home\11e2f12d84b746b76491e3160c81a5b0.php 第 8 行.
NOTIC: [8] Undefined variable: page_seo D:\phpStudyB\WWW\baicai1\data\runtime\Cache\home\11e2f12d84b746b76491e3160c81a5b0.php 第 10 行.
INFO: Run ParseTemplate Behavior [ RunTime:-0.011000s ]
INFO: [ view_parse ] --END-- [ RunTime:0.013001s ]
INFO: [ view_filter ] --START--
INFO: Run ContentReplace Behavior [ RunTime:-0.021001s ]
INFO: Run TokenBuild Behavior [ RunTime:-0.022001s ]
INFO: Run WriteHtmlCache Behavior [ RunTime:-0.022001s ]
INFO: Run ShowRuntime Behavior [ RunTime:-0.023001s ]
INFO: Run content_replace Behavior [ RunTime:-0.023001s ]
INFO: [ view_filter ] --END-- [ RunTime:0.003000s ]
INFO: [ view_end ] --START--
INFO: Run ShowPageTrace Behavior [ RunTime:-0.024001s ]
INFO: [ view_end ] --END-- [ RunTime:0.001000s ]

[ 2017-06-06T10:05:02+08:00 ] 127.0.0.1 /blog-index
INFO: [ route_check ] --START--
INFO: Run CheckRoute Behavior [ RunTime:0.001000s ]
INFO: [ route_check ] --END-- [ RunTime:0.001000s ]
INFO: [ app_begin ] --START--
INFO: Run ReadHtmlCache Behavior [ RunTime:0.000000s ]
INFO: Run check_ipban Behavior [ RunTime:-0.001000s ]
INFO: Run load_lang Behavior [ RunTime:-0.002000s ]
INFO: [ app_begin ] --END-- [ RunTime:0.003000s ]
INFO: [ view_template ] --START--
INFO: Run basic_template Behavior [ RunTime:-0.007000s ]
INFO: [ view_template ] --END-- [ RunTime:0.001000s ]
INFO: [ view_parse ] --START--
INFO: [ view_template ] --START--
INFO: Run basic_template Behavior [ RunTime:-0.010000s ]
INFO: [ view_template ] --END-- [ RunTime:-0.002000s ]
INFO: [ view_template ] --START--
INFO: Run basic_template Behavior [ RunTime:-0.010000s ]
INFO: [ view_template ] --END-- [ RunTime:-0.002000s ]
INFO: [ view_template ] --START--
INFO: Run basic_template Behavior [ RunTime:-0.011000s ]
INFO: [ view_template ] --END-- [ RunTime:-0.003000s ]
INFO: [ view_template ] --START--
INFO: Run basic_template Behavior [ RunTime:-0.011000s ]
INFO: [ view_template ] --END-- [ RunTime:-0.003000s ]
NOTIC: [8] Undefined variable: page_seo D:\phpStudyB\WWW\baicai1\data\runtime\Cache\home\b9e6d82fc6a9928baaa2818a2b9d458d.php 第 6 行.
NOTIC: [8] Undefined variable: page_seo D:\phpStudyB\WWW\baicai1\data\runtime\Cache\home\b9e6d82fc6a9928baaa2818a2b9d458d.php 第 8 行.
NOTIC: [8] Undefined variable: page_seo D:\phpStudyB\WWW\baicai1\data\runtime\Cache\home\b9e6d82fc6a9928baaa2818a2b9d458d.php 第 10 行.
INFO: Run ParseTemplate Behavior [ RunTime:-0.011000s ]
INFO: [ view_parse ] --END-- [ RunTime:0.015001s ]
INFO: [ view_filter ] --START--
INFO: Run ContentReplace Behavior [ RunTime:-0.023001s ]
INFO: Run TokenBuild Behavior [ RunTime:-0.023001s ]
INFO: Run WriteHtmlCache Behavior [ RunTime:-0.023001s ]
INFO: Run ShowRuntime Behavior [ RunTime:-0.024001s ]
INFO: Run content_replace Behavior [ RunTime:-0.024001s ]
INFO: [ view_filter ] --END-- [ RunTime:0.002000s ]
INFO: [ view_end ] --START--
INFO: Run ShowPageTrace Behavior [ RunTime:-0.025001s ]
INFO: [ view_end ] --END-- [ RunTime:0.001000s ]

[ 2017-06-06T10:07:14+08:00 ] 127.0.0.1 /blog-index
INFO: [ route_check ] --START--
INFO: Run CheckRoute Behavior [ RunTime:0.002000s ]
INFO: [ route_check ] --END-- [ RunTime:0.002000s ]
INFO: [ app_begin ] --START--
INFO: Run ReadHtmlCache Behavior [ RunTime:0.000000s ]
INFO: Run check_ipban Behavior [ RunTime:-0.001000s ]
INFO: Run load_lang Behavior [ RunTime:-0.002000s ]
INFO: [ app_begin ] --END-- [ RunTime:0.003000s ]
INFO: [ view_template ] --START--
INFO: Run basic_template Behavior [ RunTime:-0.008000s ]
INFO: [ view_template ] --END-- [ RunTime:0.003000s ]
INFO: [ view_parse ] --START--
INFO: [ view_template ] --START--
INFO: Run basic_template Behavior [ RunTime:-0.015001s ]
INFO: [ view_template ] --END-- [ RunTime:-0.004001s ]
INFO: [ view_template ] --START--
INFO: Run basic_template Behavior [ RunTime:-0.016001s ]
INFO: [ view_template ] --END-- [ RunTime:-0.005001s ]
INFO: [ view_template ] --START--
INFO: Run basic_template Behavior [ RunTime:-0.016001s ]
INFO: [ view_template ] --END-- [ RunTime:-0.005001s ]
INFO: [ view_template ] --START--
INFO: Run basic_template Behavior [ RunTime:-0.017001s ]
INFO: [ view_template ] --END-- [ RunTime:-0.006001s ]
NOTIC: [8] Undefined variable: page_seo D:\phpStudyB\WWW\baicai1\data\runtime\Cache\home\b9e6d82fc6a9928baaa2818a2b9d458d.php 第 6 行.
NOTIC: [8] Undefined variable: page_seo D:\phpStudyB\WWW\baicai1\data\runtime\Cache\home\b9e6d82fc6a9928baaa2818a2b9d458d.php 第 8 行.
NOTIC: [8] Undefined variable: page_seo D:\phpStudyB\WWW\baicai1\data\runtime\Cache\home\b9e6d82fc6a9928baaa2818a2b9d458d.php 第 10 行.
INFO: Run ParseTemplate Behavior [ RunTime:-0.017001s ]
INFO: [ view_parse ] --END-- [ RunTime:0.020002s ]
INFO: [ view_filter ] --START--
INFO: Run ContentReplace Behavior [ RunTime:-0.031002s ]
INFO: Run TokenBuild Behavior [ RunTime:-0.032002s ]
INFO: Run WriteHtmlCache Behavior [ RunTime:-0.033002s ]
INFO: Run ShowRuntime Behavior [ RunTime:-0.033002s ]
INFO: Run content_replace Behavior [ RunTime:-0.034002s ]
INFO: [ view_filter ] --END-- [ RunTime:0.003000s ]
INFO: [ view_end ] --START--
INFO: Run ShowPageTrace Behavior [ RunTime:-0.034002s ]
INFO: [ view_end ] --END-- [ RunTime:0.001000s ]

[ 2017-06-06T10:07:17+08:00 ] 127.0.0.1 /blog-index
INFO: [ route_check ] --START--
INFO: Run CheckRoute Behavior [ RunTime:0.001000s ]
INFO: [ route_check ] --END-- [ RunTime:0.001000s ]
INFO: [ app_begin ] --START--
INFO: Run ReadHtmlCache Behavior [ RunTime:-0.001000s ]
INFO: Run check_ipban Behavior [ RunTime:-0.001000s ]
INFO: Run load_lang Behavior [ RunTime:-0.003000s ]
INFO: [ app_begin ] --END-- [ RunTime:0.003000s ]
INFO: [ view_template ] --START--
INFO: Run basic_template Behavior [ RunTime:-0.008001s ]
INFO: [ view_template ] --END-- [ RunTime:0.002000s ]
INFO: [ view_parse ] --START--
INFO: [ view_template ] --START--
INFO: Run basic_template Behavior [ RunTime:-0.016001s ]
INFO: [ view_template ] --END-- [ RunTime:-0.006000s ]
INFO: [ view_template ] --START--
INFO: Run basic_template Behavior [ RunTime:-0.016001s ]
INFO: [ view_template ] --END-- [ RunTime:-0.006000s ]
INFO: [ view_template ] --START--
INFO: Run basic_template Behavior [ RunTime:-0.016001s ]
INFO: [ view_template ] --END-- [ RunTime:-0.006000s ]
INFO: [ view_template ] --START--
INFO: Run basic_template Behavior [ RunTime:-0.017001s ]
INFO: [ view_template ] --END-- [ RunTime:-0.007000s ]
NOTIC: [8] Undefined variable: page_seo D:\phpStudyB\WWW\baicai1\data\runtime\Cache\home\b9e6d82fc6a9928baaa2818a2b9d458d.php 第 6 行.
NOTIC: [8] Undefined variable: page_seo D:\phpStudyB\WWW\baicai1\data\runtime\Cache\home\b9e6d82fc6a9928baaa2818a2b9d458d.php 第 8 行.
NOTIC: [8] Undefined variable: page_seo D:\phpStudyB\WWW\baicai1\data\runtime\Cache\home\b9e6d82fc6a9928baaa2818a2b9d458d.php 第 10 行.
INFO: Run ParseTemplate Behavior [ RunTime:-0.017001s ]
INFO: [ view_parse ] --END-- [ RunTime:0.020001s ]
INFO: [ view_filter ] --START--
INFO: Run ContentReplace Behavior [ RunTime:-0.030002s ]
INFO: Run TokenBuild Behavior [ RunTime:-0.031002s ]
INFO: Run WriteHtmlCache Behavior [ RunTime:-0.031002s ]
INFO: Run ShowRuntime Behavior [ RunTime:-0.032002s ]
INFO: Run content_replace Behavior [ RunTime:-0.032002s ]
INFO: [ view_filter ] --END-- [ RunTime:0.003000s ]
INFO: [ view_end ] --START--
INFO: Run ShowPageTrace Behavior [ RunTime:-0.033002s ]
INFO: [ view_end ] --END-- [ RunTime:0.001000s ]

[ 2017-06-06T10:07:18+08:00 ] 127.0.0.1 /
INFO: [ app_begin ] --START--
INFO: Run ReadHtmlCache Behavior [ RunTime:0.000000s ]
INFO: Run check_ipban Behavior [ RunTime:0.000000s ]
INFO: Run load_lang Behavior [ RunTime:-0.001000s ]
INFO: [ app_begin ] --END-- [ RunTime:0.002000s ]
INFO: [ view_template ] --START--
INFO: Run basic_template Behavior [ RunTime:-0.005000s ]
INFO: [ view_template ] --END-- [ RunTime:0.001000s ]
INFO: [ view_parse ] --START--
INFO: [ view_template ] --START--
INFO: Run basic_template Behavior [ RunTime:-0.008001s ]
INFO: [ view_template ] --END-- [ RunTime:-0.002001s ]
INFO: [ view_template ] --START--
INFO: Run basic_template Behavior [ RunTime:-0.008001s ]
INFO: [ view_template ] --END-- [ RunTime:-0.002001s ]
INFO: [ view_template ] --START--
INFO: Run basic_template Behavior [ RunTime:-0.009001s ]
INFO: [ view_template ] --END-- [ RunTime:-0.003001s ]
INFO: [ view_template ] --START--
INFO: Run basic_template Behavior [ RunTime:-0.009001s ]
INFO: [ view_template ] --END-- [ RunTime:-0.003001s ]
NOTIC: [8] Undefined variable: page_seo D:\phpStudyB\WWW\baicai1\data\runtime\Cache\home\11e2f12d84b746b76491e3160c81a5b0.php 第 6 行.
NOTIC: [8] Undefined variable: page_seo D:\phpStudyB\WWW\baicai1\data\runtime\Cache\home\11e2f12d84b746b76491e3160c81a5b0.php 第 8 行.
NOTIC: [8] Undefined variable: page_seo D:\phpStudyB\WWW\baicai1\data\runtime\Cache\home\11e2f12d84b746b76491e3160c81a5b0.php 第 10 行.
INFO: Run ParseTemplate Behavior [ RunTime:-0.009001s ]
INFO: [ view_parse ] --END-- [ RunTime:0.014001s ]
INFO: [ view_filter ] --START--
INFO: Run ContentReplace Behavior [ RunTime:-0.020001s ]
INFO: Run TokenBuild Behavior [ RunTime:-0.020001s ]
INFO: Run WriteHtmlCache Behavior [ RunTime:-0.021001s ]
INFO: Run ShowRuntime Behavior [ RunTime:-0.021001s ]
INFO: Run content_replace Behavior [ RunTime:-0.022001s ]
INFO: [ view_filter ] --END-- [ RunTime:0.002000s ]
INFO: [ view_end ] --START--
INFO: Run ShowPageTrace Behavior [ RunTime:-0.022001s ]
INFO: [ view_end ] --END-- [ RunTime:0.001000s ]

[ 2017-06-06T10:07:21+08:00 ] 127.0.0.1 /blog-index
INFO: [ route_check ] --START--
INFO: Run CheckRoute Behavior [ RunTime:0.001001s ]
INFO: [ route_check ] --END-- [ RunTime:0.001001s ]
INFO: [ app_begin ] --START--
INFO: Run ReadHtmlCache Behavior [ RunTime:0.000000s ]
INFO: Run check_ipban Behavior [ RunTime:-0.001000s ]
INFO: Run load_lang Behavior [ RunTime:-0.002000s ]
INFO: [ app_begin ] --END-- [ RunTime:0.003000s ]
INFO: [ view_template ] --START--
INFO: Run basic_template Behavior [ RunTime:-0.007000s ]
INFO: [ view_template ] --END-- [ RunTime:0.001000s ]
INFO: [ view_parse ] --START--
INFO: [ view_template ] --START--
INFO: Run basic_template Behavior [ RunTime:-0.010000s ]
INFO: [ view_template ] --END-- [ RunTime:-0.002000s ]
INFO: [ view_template ] --START--
INFO: Run basic_template Behavior [ RunTime:-0.010000s ]
INFO: [ view_template ] --END-- [ RunTime:-0.002000s ]
INFO: [ view_template ] --START--
INFO: Run basic_template Behavior [ RunTime:-0.010000s ]
INFO: [ view_template ] --END-- [ RunTime:-0.002000s ]
INFO: [ view_template ] --START--
INFO: Run basic_template Behavior [ RunTime:-0.011000s ]
INFO: [ view_template ] --END-- [ RunTime:-0.003000s ]
NOTIC: [8] Undefined variable: page_seo D:\phpStudyB\WWW\baicai1\data\runtime\Cache\home\b9e6d82fc6a9928baaa2818a2b9d458d.php 第 6 行.
NOTIC: [8] Undefined variable: page_seo D:\phpStudyB\WWW\baicai1\data\runtime\Cache\home\b9e6d82fc6a9928baaa2818a2b9d458d.php 第 8 行.
NOTIC: [8] Undefined variable: page_seo D:\phpStudyB\WWW\baicai1\data\runtime\Cache\home\b9e6d82fc6a9928baaa2818a2b9d458d.php 第 10 行.
INFO: Run ParseTemplate Behavior [ RunTime:-0.011000s ]
INFO: [ view_parse ] --END-- [ RunTime:0.018001s ]
INFO: [ view_filter ] --START--
INFO: Run ContentReplace Behavior [ RunTime:-0.026001s ]
INFO: Run TokenBuild Behavior [ RunTime:-0.026001s ]
INFO: Run WriteHtmlCache Behavior [ RunTime:-0.027001s ]
INFO: Run ShowRuntime Behavior [ RunTime:-0.027001s ]
INFO: Run content_replace Behavior [ RunTime:-0.028001s ]
INFO: [ view_filter ] --END-- [ RunTime:0.003000s ]
INFO: [ view_end ] --START--
INFO: Run ShowPageTrace Behavior [ RunTime:-0.029001s ]
INFO: [ view_end ] --END-- [ RunTime:0.001000s ]

[ 2017-06-06T10:07:23+08:00 ] 127.0.0.1 /
INFO: [ app_begin ] --START--
INFO: Run ReadHtmlCache Behavior [ RunTime:0.001000s ]
INFO: Run check_ipban Behavior [ RunTime:0.000000s ]
INFO: Run load_lang Behavior [ RunTime:-0.001001s ]
INFO: [ app_begin ] --END-- [ RunTime:0.003001s ]
INFO: [ view_template ] --START--
INFO: Run basic_template Behavior [ RunTime:-0.007001s ]
INFO: [ view_template ] --END-- [ RunTime:0.001000s ]
INFO: [ view_parse ] --START--
INFO: [ view_template ] --START--
INFO: Run basic_template Behavior [ RunTime:-0.011001s ]
INFO: [ view_template ] --END-- [ RunTime:-0.003000s ]
INFO: [ view_template ] --START--
INFO: Run basic_template Behavior [ RunTime:-0.011001s ]
INFO: [ view_template ] --END-- [ RunTime:-0.003000s ]
INFO: [ view_template ] --START--
INFO: Run basic_template Behavior [ RunTime:-0.012001s ]
INFO: [ view_template ] --END-- [ RunTime:-0.004000s ]
INFO: [ view_template ] --START--
INFO: Run basic_template Behavior [ RunTime:-0.012001s ]
INFO: [ view_template ] --END-- [ RunTime:-0.004000s ]
NOTIC: [8] Undefined variable: page_seo D:\phpStudyB\WWW\baicai1\data\runtime\Cache\home\11e2f12d84b746b76491e3160c81a5b0.php 第 6 行.
NOTIC: [8] Undefined variable: page_seo D:\phpStudyB\WWW\baicai1\data\runtime\Cache\home\11e2f12d84b746b76491e3160c81a5b0.php 第 8 行.
NOTIC: [8] Undefined variable: page_seo D:\phpStudyB\WWW\baicai1\data\runtime\Cache\home\11e2f12d84b746b76491e3160c81a5b0.php 第 10 行.
INFO: Run ParseTemplate Behavior [ RunTime:-0.012001s ]
INFO: [ view_parse ] --END-- [ RunTime:0.017001s ]
INFO: [ view_filter ] --START--
INFO: Run ContentReplace Behavior [ RunTime:-0.026002s ]
INFO: Run TokenBuild Behavior [ RunTime:-0.026002s ]
INFO: Run WriteHtmlCache Behavior [ RunTime:-0.027002s ]
INFO: Run ShowRuntime Behavior [ RunTime:-0.027002s ]
INFO: Run content_replace Behavior [ RunTime:-0.028002s ]
INFO: [ view_filter ] --END-- [ RunTime:0.003000s ]
INFO: [ view_end ] --START--
INFO: Run ShowPageTrace Behavior [ RunTime:-0.029002s ]
INFO: [ view_end ] --END-- [ RunTime:0.001000s ]

[ 2017-06-06T10:07:25+08:00 ] 127.0.0.1 /blog-index
INFO: [ route_check ] --START--
INFO: Run CheckRoute Behavior [ RunTime:0.001000s ]
INFO: [ route_check ] --END-- [ RunTime:0.001000s ]
INFO: [ app_begin ] --START--
INFO: Run ReadHtmlCache Behavior [ RunTime:-0.001001s ]
INFO: Run check_ipban Behavior [ RunTime:-0.001001s ]
INFO: Run load_lang Behavior [ RunTime:-0.002001s ]
INFO: [ app_begin ] --END-- [ RunTime:0.002000s ]
INFO: [ view_template ] --START--
INFO: Run basic_template Behavior [ RunTime:-0.007001s ]
INFO: [ view_template ] --END-- [ RunTime:0.001000s ]
INFO: [ view_parse ] --START--
INFO: [ view_template ] --START--
INFO: Run basic_template Behavior [ RunTime:-0.010001s ]
INFO: [ view_template ] --END-- [ RunTime:-0.002000s ]
INFO: [ view_template ] --START--
INFO: Run basic_template Behavior [ RunTime:-0.010001s ]
INFO: [ view_template ] --END-- [ RunTime:-0.002000s ]
INFO: [ view_template ] --START--
INFO: Run basic_template Behavior [ RunTime:-0.011001s ]
INFO: [ view_template ] --END-- [ RunTime:-0.003000s ]
INFO: [ view_template ] --START--
INFO: Run basic_template Behavior [ RunTime:-0.011001s ]
INFO: [ view_template ] --END-- [ RunTime:-0.003000s ]
NOTIC: [8] Undefined variable: page_seo D:\phpStudyB\WWW\baicai1\data\runtime\Cache\home\b9e6d82fc6a9928baaa2818a2b9d458d.php 第 6 行.
NOTIC: [8] Undefined variable: page_seo D:\phpStudyB\WWW\baicai1\data\runtime\Cache\home\b9e6d82fc6a9928baaa2818a2b9d458d.php 第 8 行.
NOTIC: [8] Undefined variable: page_seo D:\phpStudyB\WWW\baicai1\data\runtime\Cache\home\b9e6d82fc6a9928baaa2818a2b9d458d.php 第 10 行.
INFO: Run ParseTemplate Behavior [ RunTime:-0.011001s ]
INFO: [ view_parse ] --END-- [ RunTime:0.014001s ]
INFO: [ view_filter ] --START--
INFO: Run ContentReplace Behavior [ RunTime:-0.022002s ]
INFO: Run TokenBuild Behavior [ RunTime:-0.023002s ]
INFO: Run WriteHtmlCache Behavior [ RunTime:-0.023002s ]
INFO: Run ShowRuntime Behavior [ RunTime:-0.024002s ]
INFO: Run content_replace Behavior [ RunTime:-0.025002s ]
INFO: [ view_filter ] --END-- [ RunTime:0.004000s ]
INFO: [ view_end ] --START--
INFO: Run ShowPageTrace Behavior [ RunTime:-0.026002s ]
INFO: [ view_end ] --END-- [ RunTime:0.001000s ]

[ 2017-06-06T10:07:26+08:00 ] 127.0.0.1 /
INFO: [ app_begin ] --START--
INFO: Run ReadHtmlCache Behavior [ RunTime:0.001000s ]
INFO: Run check_ipban Behavior [ RunTime:0.000000s ]
INFO: Run load_lang Behavior [ RunTime:-0.001000s ]
INFO: [ app_begin ] --END-- [ RunTime:0.003001s ]
INFO: [ view_template ] --START--
INFO: Run basic_template Behavior [ RunTime:-0.005001s ]
INFO: [ view_template ] --END-- [ RunTime:0.001000s ]
INFO: [ view_parse ] --START--
INFO: [ view_template ] --START--
INFO: Run basic_template Behavior [ RunTime:-0.009001s ]
INFO: [ view_template ] --END-- [ RunTime:-0.003000s ]
INFO: [ view_template ] --START--
INFO: Run basic_template Behavior [ RunTime:-0.009001s ]
INFO: [ view_template ] --END-- [ RunTime:-0.003000s ]
INFO: [ view_template ] --START--
INFO: Run basic_template Behavior [ RunTime:-0.010001s ]
INFO: [ view_template ] --END-- [ RunTime:-0.004000s ]
INFO: [ view_template ] --START--
INFO: Run basic_template Behavior [ RunTime:-0.010001s ]
INFO: [ view_template ] --END-- [ RunTime:-0.004000s ]
NOTIC: [8] Undefined variable: page_seo D:\phpStudyB\WWW\baicai1\data\runtime\Cache\home\11e2f12d84b746b76491e3160c81a5b0.php 第 6 行.
NOTIC: [8] Undefined variable: page_seo D:\phpStudyB\WWW\baicai1\data\runtime\Cache\home\11e2f12d84b746b76491e3160c81a5b0.php 第 8 行.
NOTIC: [8] Undefined variable: page_seo D:\phpStudyB\WWW\baicai1\data\runtime\Cache\home\11e2f12d84b746b76491e3160c81a5b0.php 第 10 行.
INFO: Run ParseTemplate Behavior [ RunTime:-0.010001s ]
INFO: [ view_parse ] --END-- [ RunTime:0.013000s ]
INFO: [ view_filter ] --START--
INFO: Run ContentReplace Behavior [ RunTime:-0.019001s ]
INFO: Run TokenBuild Behavior [ RunTime:-0.020002s ]
INFO: Run WriteHtmlCache Behavior [ RunTime:-0.020002s ]
INFO: Run ShowRuntime Behavior [ RunTime:-0.020002s ]
INFO: Run content_replace Behavior [ RunTime:-0.021002s ]
INFO: [ view_filter ] --END-- [ RunTime:0.002001s ]
INFO: [ view_end ] --START--
INFO: Run ShowPageTrace Behavior [ RunTime:-0.022002s ]
INFO: [ view_end ] --END-- [ RunTime:0.000000s ]

[ 2017-06-06T10:07:28+08:00 ] 127.0.0.1 /blog-index
INFO: [ route_check ] --START--
INFO: Run CheckRoute Behavior [ RunTime:0.001000s ]
INFO: [ route_check ] --END-- [ RunTime:0.001000s ]
INFO: [ app_begin ] --START--
INFO: Run ReadHtmlCache Behavior [ RunTime:-0.001000s ]
INFO: Run check_ipban Behavior [ RunTime:-0.001000s ]
INFO: Run load_lang Behavior [ RunTime:-0.002000s ]
INFO: [ app_begin ] --END-- [ RunTime:0.002000s ]
INFO: [ view_template ] --START--
INFO: Run basic_template Behavior [ RunTime:-0.007000s ]
INFO: [ view_template ] --END-- [ RunTime:0.000000s ]
INFO: [ view_parse ] --START--
INFO: [ view_template ] --START--
INFO: Run basic_template Behavior [ RunTime:-0.010001s ]
INFO: [ view_template ] --END-- [ RunTime:-0.003001s ]
INFO: [ view_template ] --START--
INFO: Run basic_template Behavior [ RunTime:-0.010001s ]
INFO: [ view_template ] --END-- [ RunTime:-0.003001s ]
INFO: [ view_template ] --START--
INFO: Run basic_template Behavior [ RunTime:-0.011001s ]
INFO: [ view_template ] --END-- [ RunTime:-0.003001s ]
INFO: [ view_template ] --START--
INFO: Run basic_template Behavior [ RunTime:-0.011001s ]
INFO: [ view_template ] --END-- [ RunTime:-0.004001s ]
NOTIC: [8] Undefined variable: page_seo D:\phpStudyB\WWW\baicai1\data\runtime\Cache\home\b9e6d82fc6a9928baaa2818a2b9d458d.php 第 6 行.
NOTIC: [8] Undefined variable: page_seo D:\phpStudyB\WWW\baicai1\data\runtime\Cache\home\b9e6d82fc6a9928baaa2818a2b9d458d.php 第 8 行.
NOTIC: [8] Undefined variable: page_seo D:\phpStudyB\WWW\baicai1\data\runtime\Cache\home\b9e6d82fc6a9928baaa2818a2b9d458d.php 第 10 行.
INFO: Run ParseTemplate Behavior [ RunTime:-0.011001s ]
INFO: [ view_parse ] --END-- [ RunTime:0.015001s ]
INFO: [ view_filter ] --START--
INFO: Run ContentReplace Behavior [ RunTime:-0.022001s ]
INFO: Run TokenBuild Behavior [ RunTime:-0.023001s ]
INFO: Run WriteHtmlCache Behavior [ RunTime:-0.023001s ]
INFO: Run ShowRuntime Behavior [ RunTime:-0.024001s ]
INFO: Run content_replace Behavior [ RunTime:-0.024001s ]
INFO: [ view_filter ] --END-- [ RunTime:0.003001s ]
INFO: [ view_end ] --START--
INFO: Run ShowPageTrace Behavior [ RunTime:-0.025002s ]
INFO: [ view_end ] --END-- [ RunTime:0.000000s ]

[ 2017-06-06T10:07:31+08:00 ] 127.0.0.1 /
INFO: [ app_begin ] --START--
INFO: Run ReadHtmlCache Behavior [ RunTime:0.001000s ]
INFO: Run check_ipban Behavior [ RunTime:0.000000s ]
INFO: Run load_lang Behavior [ RunTime:-0.001000s ]
INFO: [ app_begin ] --END-- [ RunTime:0.003000s ]
INFO: [ view_template ] --START--
INFO: Run basic_template Behavior [ RunTime:-0.006000s ]
INFO: [ view_template ] --END-- [ RunTime:0.001000s ]
INFO: [ view_parse ] --START--
INFO: [ view_template ] --START--
INFO: Run basic_template Behavior [ RunTime:-0.009000s ]
INFO: [ view_template ] --END-- [ RunTime:-0.002000s ]
INFO: [ view_template ] --START--
INFO: Run basic_template Behavior [ RunTime:-0.009000s ]
INFO: [ view_template ] --END-- [ RunTime:-0.002000s ]
INFO: [ view_template ] --START--
INFO: Run basic_template Behavior [ RunTime:-0.010000s ]
INFO: [ view_template ] --END-- [ RunTime:-0.003000s ]
INFO: [ view_template ] --START--
INFO: Run basic_template Behavior [ RunTime:-0.010000s ]
INFO: [ view_template ] --END-- [ RunTime:-0.003000s ]
NOTIC: [8] Undefined variable: page_seo D:\phpStudyB\WWW\baicai1\data\runtime\Cache\home\11e2f12d84b746b76491e3160c81a5b0.php 第 6 行.
NOTIC: [8] Undefined variable: page_seo D:\phpStudyB\WWW\baicai1\data\runtime\Cache\home\11e2f12d84b746b76491e3160c81a5b0.php 第 8 行.
NOTIC: [8] Undefined variable: page_seo D:\phpStudyB\WWW\baicai1\data\runtime\Cache\home\11e2f12d84b746b76491e3160c81a5b0.php 第 10 行.
INFO: Run ParseTemplate Behavior [ RunTime:-0.010000s ]
INFO: [ view_parse ] --END-- [ RunTime:0.014001s ]
INFO: [ view_filter ] --START--
INFO: Run ContentReplace Behavior [ RunTime:-0.021001s ]
INFO: Run TokenBuild Behavior [ RunTime:-0.022001s ]
INFO: Run WriteHtmlCache Behavior [ RunTime:-0.022001s ]
INFO: Run ShowRuntime Behavior [ RunTime:-0.022001s ]
INFO: Run content_replace Behavior [ RunTime:-0.023001s ]
INFO: [ view_filter ] --END-- [ RunTime:0.002000s ]
INFO: [ view_end ] --START--
INFO: Run ShowPageTrace Behavior [ RunTime:-0.024001s ]
INFO: [ view_end ] --END-- [ RunTime:0.000000s ]

[ 2017-06-06T10:07:32+08:00 ] 127.0.0.1 /blog-index
INFO: [ route_check ] --START--
INFO: Run CheckRoute Behavior [ RunTime:0.001000s ]
INFO: [ route_check ] --END-- [ RunTime:0.001000s ]
INFO: [ app_begin ] --START--
INFO: Run ReadHtmlCache Behavior [ RunTime:-0.001000s ]
INFO: Run check_ipban Behavior [ RunTime:-0.002000s ]
INFO: Run load_lang Behavior [ RunTime:-0.003000s ]
INFO: [ app_begin ] --END-- [ RunTime:0.004000s ]
INFO: [ view_template ] --START--
INFO: Run basic_template Behavior [ RunTime:-0.008000s ]
INFO: [ view_template ] --END-- [ RunTime:0.001000s ]
INFO: [ view_parse ] --START--
INFO: [ view_template ] --START--
INFO: Run basic_template Behavior [ RunTime:-0.011000s ]
INFO: [ view_template ] --END-- [ RunTime:-0.002000s ]
INFO: [ view_template ] --START--
INFO: Run basic_template Behavior [ RunTime:-0.011000s ]
INFO: [ view_template ] --END-- [ RunTime:-0.002000s ]
INFO: [ view_template ] --START--
INFO: Run basic_template Behavior [ RunTime:-0.012000s ]
INFO: [ view_template ] --END-- [ RunTime:-0.003000s ]
INFO: [ view_template ] --START--
INFO: Run basic_template Behavior [ RunTime:-0.012000s ]
INFO: [ view_template ] --END-- [ RunTime:-0.003000s ]
NOTIC: [8] Undefined variable: page_seo D:\phpStudyB\WWW\baicai1\data\runtime\Cache\home\b9e6d82fc6a9928baaa2818a2b9d458d.php 第 6 行.
NOTIC: [8] Undefined variable: page_seo D:\phpStudyB\WWW\baicai1\data\runtime\Cache\home\b9e6d82fc6a9928baaa2818a2b9d458d.php 第 8 行.
NOTIC: [8] Undefined variable: page_seo D:\phpStudyB\WWW\baicai1\data\runtime\Cache\home\b9e6d82fc6a9928baaa2818a2b9d458d.php 第 10 行.
INFO: Run ParseTemplate Behavior [ RunTime:-0.012000s ]
INFO: [ view_parse ] --END-- [ RunTime:0.018001s ]
INFO: [ view_filter ] --START--
INFO: Run ContentReplace Behavior [ RunTime:-0.027001s ]
INFO: Run TokenBuild Behavior [ RunTime:-0.028001s ]
INFO: Run WriteHtmlCache Behavior [ RunTime:-0.029001s ]
INFO: Run ShowRuntime Behavior [ RunTime:-0.029001s ]
INFO: Run content_replace Behavior [ RunTime:-0.029001s ]
INFO: [ view_filter ] --END-- [ RunTime:0.003000s ]
INFO: [ view_end ] --START--
INFO: Run ShowPageTrace Behavior [ RunTime:-0.030001s ]
INFO: [ view_end ] --END-- [ RunTime:0.001000s ]

[ 2017-06-06T10:07:41+08:00 ] 127.0.0.1 /blog-index
INFO: [ route_check ] --START--
INFO: Run CheckRoute Behavior [ RunTime:0.001000s ]
INFO: [ route_check ] --END-- [ RunTime:0.001000s ]
INFO: [ app_begin ] --START--
INFO: Run ReadHtmlCache Behavior [ RunTime:0.000000s ]
INFO: Run check_ipban Behavior [ RunTime:0.000000s ]
INFO: Run load_lang Behavior [ RunTime:-0.001000s ]
INFO: [ app_begin ] --END-- [ RunTime:0.002000s ]
INFO: [ view_template ] --START--
INFO: Run basic_template Behavior [ RunTime:-0.006001s ]
INFO: [ view_template ] --END-- [ RunTime:0.000000s ]
INFO: [ view_parse ] --START--
INFO: [ view_template ] --START--
INFO: Run basic_template Behavior [ RunTime:-0.008001s ]
INFO: [ view_template ] --END-- [ RunTime:-0.002000s ]
INFO: [ view_template ] --START--
INFO: Run basic_template Behavior [ RunTime:-0.008001s ]
INFO: [ view_template ] --END-- [ RunTime:-0.002000s ]
INFO: [ view_template ] --START--
INFO: Run basic_template Behavior [ RunTime:-0.009001s ]
INFO: [ view_template ] --END-- [ RunTime:-0.003000s ]
INFO: [ view_template ] --START--
INFO: Run basic_template Behavior [ RunTime:-0.009001s ]
INFO: [ view_template ] --END-- [ RunTime:-0.003000s ]
NOTIC: [8] Undefined variable: page_seo D:\phpStudyB\WWW\baicai1\data\runtime\Cache\home\b9e6d82fc6a9928baaa2818a2b9d458d.php 第 6 行.
NOTIC: [8] Undefined variable: page_seo D:\phpStudyB\WWW\baicai1\data\runtime\Cache\home\b9e6d82fc6a9928baaa2818a2b9d458d.php 第 8 行.
NOTIC: [8] Undefined variable: page_seo D:\phpStudyB\WWW\baicai1\data\runtime\Cache\home\b9e6d82fc6a9928baaa2818a2b9d458d.php 第 10 行.
INFO: Run ParseTemplate Behavior [ RunTime:-0.009001s ]
INFO: [ view_parse ] --END-- [ RunTime:0.015000s ]
INFO: [ view_filter ] --START--
INFO: Run ContentReplace Behavior [ RunTime:-0.021001s ]
INFO: Run TokenBuild Behavior [ RunTime:-0.021001s ]
INFO: Run WriteHtmlCache Behavior [ RunTime:-0.022002s ]
INFO: Run ShowRuntime Behavior [ RunTime:-0.022002s ]
INFO: Run content_replace Behavior [ RunTime:-0.023002s ]
INFO: [ view_filter ] --END-- [ RunTime:0.002001s ]
INFO: [ view_end ] --START--
INFO: Run ShowPageTrace Behavior [ RunTime:-0.023002s ]
INFO: [ view_end ] --END-- [ RunTime:0.001000s ]

[ 2017-06-06T10:07:42+08:00 ] 127.0.0.1 /blog-index
INFO: [ route_check ] --START--
INFO: Run CheckRoute Behavior [ RunTime:0.001000s ]
INFO: [ route_check ] --END-- [ RunTime:0.001000s ]
INFO: [ app_begin ] --START--
INFO: Run ReadHtmlCache Behavior [ RunTime:0.000000s ]
INFO: Run check_ipban Behavior [ RunTime:-0.001000s ]
INFO: Run load_lang Behavior [ RunTime:-0.002000s ]
INFO: [ app_begin ] --END-- [ RunTime:0.003000s ]
INFO: [ view_template ] --START--
INFO: Run basic_template Behavior [ RunTime:-0.007000s ]
INFO: [ view_template ] --END-- [ RunTime:0.001000s ]
INFO: [ view_parse ] --START--
INFO: [ view_template ] --START--
INFO: Run basic_template Behavior [ RunTime:-0.010001s ]
INFO: [ view_template ] --END-- [ RunTime:-0.002001s ]
INFO: [ view_template ] --START--
INFO: Run basic_template Behavior [ RunTime:-0.010001s ]
INFO: [ view_template ] --END-- [ RunTime:-0.002001s ]
INFO: [ view_template ] --START--
INFO: Run basic_template Behavior [ RunTime:-0.011001s ]
INFO: [ view_template ] --END-- [ RunTime:-0.003001s ]
INFO: [ view_template ] --START--
INFO: Run basic_template Behavior [ RunTime:-0.011001s ]
INFO: [ view_template ] --END-- [ RunTime:-0.003001s ]
NOTIC: [8] Undefined variable: page_seo D:\phpStudyB\WWW\baicai1\data\runtime\Cache\home\b9e6d82fc6a9928baaa2818a2b9d458d.php 第 6 行.
NOTIC: [8] Undefined variable: page_seo D:\phpStudyB\WWW\baicai1\data\runtime\Cache\home\b9e6d82fc6a9928baaa2818a2b9d458d.php 第 8 行.
NOTIC: [8] Undefined variable: page_seo D:\phpStudyB\WWW\baicai1\data\runtime\Cache\home\b9e6d82fc6a9928baaa2818a2b9d458d.php 第 10 行.
INFO: Run ParseTemplate Behavior [ RunTime:-0.011001s ]
INFO: [ view_parse ] --END-- [ RunTime:0.017001s ]
INFO: [ view_filter ] --START--
INFO: Run ContentReplace Behavior [ RunTime:-0.025001s ]
INFO: Run TokenBuild Behavior [ RunTime:-0.025001s ]
INFO: Run WriteHtmlCache Behavior [ RunTime:-0.026002s ]
INFO: Run ShowRuntime Behavior [ RunTime:-0.026002s ]
INFO: Run content_replace Behavior [ RunTime:-0.027002s ]
INFO: [ view_filter ] --END-- [ RunTime:0.002001s ]
INFO: [ view_end ] --START--
INFO: Run ShowPageTrace Behavior [ RunTime:-0.027002s ]
INFO: [ view_end ] --END-- [ RunTime:0.001000s ]

[ 2017-06-06T10:07:44+08:00 ] 127.0.0.1 /
INFO: [ app_begin ] --START--
INFO: Run ReadHtmlCache Behavior [ RunTime:0.000000s ]
INFO: Run check_ipban Behavior [ RunTime:0.000000s ]
INFO: Run load_lang Behavior [ RunTime:-0.002000s ]
INFO: [ app_begin ] --END-- [ RunTime:0.003000s ]
INFO: [ view_template ] --START--
INFO: Run basic_template Behavior [ RunTime:-0.007000s ]
INFO: [ view_template ] --END-- [ RunTime:0.001000s ]
INFO: [ view_parse ] --START--
INFO: [ view_template ] --START--
INFO: Run basic_template Behavior [ RunTime:-0.010000s ]
INFO: [ view_template ] --END-- [ RunTime:-0.002000s ]
INFO: [ view_template ] --START--
INFO: Run basic_template Behavior [ RunTime:-0.010000s ]
INFO: [ view_template ] --END-- [ RunTime:-0.002000s ]
INFO: [ view_template ] --START--
INFO: Run basic_template Behavior [ RunTime:-0.010000s ]
INFO: [ view_template ] --END-- [ RunTime:-0.002000s ]
INFO: [ view_template ] --START--
INFO: Run basic_template Behavior [ RunTime:-0.011000s ]
INFO: [ view_template ] --END-- [ RunTime:-0.003000s ]
NOTIC: [8] Undefined variable: page_seo D:\phpStudyB\WWW\baicai1\data\runtime\Cache\home\11e2f12d84b746b76491e3160c81a5b0.php 第 6 行.
NOTIC: [8] Undefined variable: page_seo D:\phpStudyB\WWW\baicai1\data\runtime\Cache\home\11e2f12d84b746b76491e3160c81a5b0.php 第 8 行.
NOTIC: [8] Undefined variable: page_seo D:\phpStudyB\WWW\baicai1\data\runtime\Cache\home\11e2f12d84b746b76491e3160c81a5b0.php 第 10 行.
INFO: Run ParseTemplate Behavior [ RunTime:-0.011000s ]
INFO: [ view_parse ] --END-- [ RunTime:0.012001s ]
INFO: [ view_filter ] --START--
INFO: Run ContentReplace Behavior [ RunTime:-0.020001s ]
INFO: Run TokenBuild Behavior [ RunTime:-0.020001s ]
INFO: Run WriteHtmlCache Behavior [ RunTime:-0.021001s ]
INFO: Run ShowRuntime Behavior [ RunTime:-0.021001s ]
INFO: Run content_replace Behavior [ RunTime:-0.022001s ]
INFO: [ view_filter ] --END-- [ RunTime:0.002000s ]
INFO: [ view_end ] --START--
INFO: Run ShowPageTrace Behavior [ RunTime:-0.022001s ]
INFO: [ view_end ] --END-- [ RunTime:0.001000s ]

[ 2017-06-06T10:07:49+08:00 ] 127.0.0.1 /blog-index
INFO: [ route_check ] --START--
INFO: Run CheckRoute Behavior [ RunTime:0.001000s ]
INFO: [ route_check ] --END-- [ RunTime:0.001000s ]
INFO: [ app_begin ] --START--
INFO: Run ReadHtmlCache Behavior [ RunTime:-0.001000s ]
INFO: Run check_ipban Behavior [ RunTime:-0.001000s ]
INFO: Run load_lang Behavior [ RunTime:-0.002000s ]
INFO: [ app_begin ] --END-- [ RunTime:0.003000s ]
INFO: [ view_template ] --START--
INFO: Run basic_template Behavior [ RunTime:-0.008000s ]
INFO: [ view_template ] --END-- [ RunTime:0.000000s ]
INFO: [ view_parse ] --START--
INFO: [ view_template ] --START--
INFO: Run basic_template Behavior [ RunTime:-0.013001s ]
INFO: [ view_template ] --END-- [ RunTime:-0.005001s ]
INFO: [ view_template ] --START--
INFO: Run basic_template Behavior [ RunTime:-0.015001s ]
INFO: [ view_template ] --END-- [ RunTime:-0.007001s ]
INFO: [ view_template ] --START--
INFO: Run basic_template Behavior [ RunTime:-0.015001s ]
INFO: [ view_template ] --END-- [ RunTime:-0.007001s ]
INFO: [ view_template ] --START--
INFO: Run basic_template Behavior [ RunTime:-0.016001s ]
INFO: [ view_template ] --END-- [ RunTime:-0.008001s ]
NOTIC: [8] Undefined variable: page_seo D:\phpStudyB\WWW\baicai1\data\runtime\Cache\home\b9e6d82fc6a9928baaa2818a2b9d458d.php 第 6 行.
NOTIC: [8] Undefined variable: page_seo D:\phpStudyB\WWW\baicai1\data\runtime\Cache\home\b9e6d82fc6a9928baaa2818a2b9d458d.php 第 8 行.
NOTIC: [8] Undefined variable: page_seo D:\phpStudyB\WWW\baicai1\data\runtime\Cache\home\b9e6d82fc6a9928baaa2818a2b9d458d.php 第 10 行.
INFO: Run ParseTemplate Behavior [ RunTime:-0.016001s ]
INFO: [ view_parse ] --END-- [ RunTime:0.021001s ]
INFO: [ view_filter ] --START--
INFO: Run ContentReplace Behavior [ RunTime:-0.030001s ]
INFO: Run TokenBuild Behavior [ RunTime:-0.031002s ]
INFO: Run WriteHtmlCache Behavior [ RunTime:-0.031002s ]
INFO: Run ShowRuntime Behavior [ RunTime:-0.031002s ]
INFO: Run content_replace Behavior [ RunTime:-0.032002s ]
INFO: [ view_filter ] --END-- [ RunTime:0.002001s ]
INFO: [ view_end ] --START--
INFO: Run ShowPageTrace Behavior [ RunTime:-0.032002s ]
INFO: [ view_end ] --END-- [ RunTime:0.001000s ]

