[ 2017-11-21T10:45:06+08:00 ] 127.0.0.1 /
INFO: [ app_begin ] --START--
INFO: Run ReadHtmlCache Behavior [ RunTime:0.002000s ]
INFO: Run check_ipban Behavior [ RunTime:0.000000s ]
INFO: Run load_lang Behavior [ RunTime:-0.004000s ]
INFO: [ app_begin ] --END-- [ RunTime:0.010000s ]
INFO: [ view_template ] --START--
INFO: Run basic_template Behavior [ RunTime:-0.027002s ]
INFO: [ view_template ] --END-- [ RunTime:0.005000s ]
INFO: [ view_parse ] --START--
INFO: [ view_template ] --START--
INFO: Run basic_template Behavior [ RunTime:-0.039002s ]
INFO: [ view_template ] --END-- [ RunTime:-0.007000s ]
INFO: [ view_template ] --START--
INFO: Run basic_template Behavior [ RunTime:-0.043002s ]
INFO: [ view_template ] --END-- [ RunTime:-0.011000s ]
INFO: [ view_template ] --START--
INFO: Run basic_template Behavior [ RunTime:-0.046003s ]
INFO: [ view_template ] --END-- [ RunTime:-0.014001s ]
INFO: [ view_template ] --START--
INFO: Run basic_template Behavior [ RunTime:-0.048003s ]
INFO: [ view_template ] --END-- [ RunTime:-0.016001s ]
NOTIC: [8] Undefined variable: page_seo D:\repo\jing_voice\data\runtime\Cache\home\11e2f12d84b746b76491e3160c81a5b0.php 第 6 行.
NOTIC: [8] Undefined variable: page_seo D:\repo\jing_voice\data\runtime\Cache\home\11e2f12d84b746b76491e3160c81a5b0.php 第 8 行.
NOTIC: [8] Undefined variable: page_seo D:\repo\jing_voice\data\runtime\Cache\home\11e2f12d84b746b76491e3160c81a5b0.php 第 10 行.
INFO: Run ParseTemplate Behavior [ RunTime:-0.048003s ]
INFO: [ view_parse ] --END-- [ RunTime:0.035002s ]
INFO: [ view_filter ] --START--
INFO: Run ContentReplace Behavior [ RunTime:-0.067004s ]
INFO: Run TokenBuild Behavior [ RunTime:-0.069004s ]
INFO: Run WriteHtmlCache Behavior [ RunTime:-0.071004s ]
INFO: Run ShowRuntime Behavior [ RunTime:-0.072004s ]
INFO: Run content_replace Behavior [ RunTime:-0.075004s ]
INFO: [ view_filter ] --END-- [ RunTime:0.009000s ]
INFO: [ view_end ] --START--
INFO: Run ShowPageTrace Behavior [ RunTime:-0.076004s ]
INFO: [ view_end ] --END-- [ RunTime:0.002000s ]

[ 2017-11-21T10:45:10+08:00 ] 127.0.0.1 HTTP://cz1.baicaio.com/
INFO: [ app_begin ] --START--
INFO: Run ReadHtmlCache Behavior [ RunTime:0.001000s ]
INFO: Run check_ipban Behavior [ RunTime:0.000000s ]
INFO: Run load_lang Behavior [ RunTime:-0.003000s ]
INFO: [ app_begin ] --END-- [ RunTime:0.008000s ]
INFO: [ view_template ] --START--
INFO: Run basic_template Behavior [ RunTime:-0.018001s ]
INFO: [ view_template ] --END-- [ RunTime:0.004000s ]
INFO: [ view_parse ] --START--
INFO: [ view_template ] --START--
INFO: Run basic_template Behavior [ RunTime:-0.027002s ]
INFO: [ view_template ] --END-- [ RunTime:-0.005001s ]
INFO: [ view_template ] --START--
INFO: Run basic_template Behavior [ RunTime:-0.029002s ]
INFO: [ view_template ] --END-- [ RunTime:-0.007001s ]
INFO: [ view_template ] --START--
INFO: Run basic_template Behavior [ RunTime:-0.034002s ]
INFO: [ view_template ] --END-- [ RunTime:-0.012001s ]
INFO: [ view_template ] --START--
INFO: Run basic_template Behavior [ RunTime:-0.036002s ]
INFO: [ view_template ] --END-- [ RunTime:-0.014001s ]
NOTIC: [8] Undefined variable: page_seo D:\repo\jing_voice\data\runtime\Cache\home\11e2f12d84b746b76491e3160c81a5b0.php 第 6 行.
NOTIC: [8] Undefined variable: page_seo D:\repo\jing_voice\data\runtime\Cache\home\11e2f12d84b746b76491e3160c81a5b0.php 第 8 行.
NOTIC: [8] Undefined variable: page_seo D:\repo\jing_voice\data\runtime\Cache\home\11e2f12d84b746b76491e3160c81a5b0.php 第 10 行.
INFO: Run ParseTemplate Behavior [ RunTime:-0.036002s ]
INFO: [ view_parse ] --END-- [ RunTime:0.032002s ]
INFO: [ view_filter ] --START--
INFO: Run ContentReplace Behavior [ RunTime:-0.054003s ]
INFO: Run TokenBuild Behavior [ RunTime:-0.055003s ]
INFO: Run WriteHtmlCache Behavior [ RunTime:-0.057003s ]
INFO: Run ShowRuntime Behavior [ RunTime:-0.058003s ]
INFO: Run content_replace Behavior [ RunTime:-0.059003s ]
INFO: [ view_filter ] --END-- [ RunTime:0.007001s ]
INFO: [ view_end ] --START--
INFO: Run ShowPageTrace Behavior [ RunTime:-0.061004s ]
INFO: [ view_end ] --END-- [ RunTime:0.001000s ]

[ 2017-11-21T10:45:10+08:00 ] 127.0.0.1 /
INFO: [ app_begin ] --START--
INFO: Run ReadHtmlCache Behavior [ RunTime:0.001000s ]
INFO: Run check_ipban Behavior [ RunTime:0.000000s ]
INFO: Run load_lang Behavior [ RunTime:-0.002000s ]
INFO: [ app_begin ] --END-- [ RunTime:0.006000s ]
INFO: [ view_template ] --START--
INFO: Run basic_template Behavior [ RunTime:-0.013001s ]
INFO: [ view_template ] --END-- [ RunTime:0.003000s ]
INFO: [ view_parse ] --START--
INFO: [ view_template ] --START--
INFO: Run basic_template Behavior [ RunTime:-0.020001s ]
INFO: [ view_template ] --END-- [ RunTime:-0.004000s ]
INFO: [ view_template ] --START--
INFO: Run basic_template Behavior [ RunTime:-0.021001s ]
INFO: [ view_template ] --END-- [ RunTime:-0.005000s ]
INFO: [ view_template ] --START--
INFO: Run basic_template Behavior [ RunTime:-0.023001s ]
INFO: [ view_template ] --END-- [ RunTime:-0.007000s ]
INFO: [ view_template ] --START--
INFO: Run basic_template Behavior [ RunTime:-0.025002s ]
INFO: [ view_template ] --END-- [ RunTime:-0.009001s ]
NOTIC: [8] Undefined variable: page_seo D:\repo\jing_voice\data\runtime\Cache\home\11e2f12d84b746b76491e3160c81a5b0.php 第 6 行.
NOTIC: [8] Undefined variable: page_seo D:\repo\jing_voice\data\runtime\Cache\home\11e2f12d84b746b76491e3160c81a5b0.php 第 8 行.
NOTIC: [8] Undefined variable: page_seo D:\repo\jing_voice\data\runtime\Cache\home\11e2f12d84b746b76491e3160c81a5b0.php 第 10 行.
INFO: Run ParseTemplate Behavior [ RunTime:-0.025002s ]
INFO: [ view_parse ] --END-- [ RunTime:0.023001s ]
INFO: [ view_filter ] --START--
INFO: Run ContentReplace Behavior [ RunTime:-0.039002s ]
INFO: Run TokenBuild Behavior [ RunTime:-0.040002s ]
INFO: Run WriteHtmlCache Behavior [ RunTime:-0.040002s ]
INFO: Run ShowRuntime Behavior [ RunTime:-0.041002s ]
INFO: Run content_replace Behavior [ RunTime:-0.042003s ]
INFO: [ view_filter ] --END-- [ RunTime:0.004001s ]
INFO: [ view_end ] --START--
INFO: Run ShowPageTrace Behavior [ RunTime:-0.043003s ]
INFO: [ view_end ] --END-- [ RunTime:0.001000s ]

[ 2017-11-21T14:48:00+08:00 ] 127.0.0.1 /
INFO: [ app_begin ] --START--
INFO: Run ReadHtmlCache Behavior [ RunTime:0.001000s ]
INFO: Run check_ipban Behavior [ RunTime:0.000000s ]
INFO: Run load_lang Behavior [ RunTime:-0.004000s ]
INFO: [ app_begin ] --END-- [ RunTime:0.009001s ]
INFO: [ view_template ] --START--
INFO: Run basic_template Behavior [ RunTime:-0.017001s ]
INFO: [ view_template ] --END-- [ RunTime:0.003000s ]
INFO: [ view_parse ] --START--
INFO: [ view_template ] --START--
INFO: Run basic_template Behavior [ RunTime:-0.025002s ]
INFO: [ view_template ] --END-- [ RunTime:-0.005001s ]
INFO: [ view_template ] --START--
INFO: Run basic_template Behavior [ RunTime:-0.027002s ]
INFO: [ view_template ] --END-- [ RunTime:-0.007001s ]
INFO: [ view_template ] --START--
INFO: Run basic_template Behavior [ RunTime:-0.028002s ]
INFO: [ view_template ] --END-- [ RunTime:-0.008001s ]
INFO: [ view_template ] --START--
INFO: Run basic_template Behavior [ RunTime:-0.030002s ]
INFO: [ view_template ] --END-- [ RunTime:-0.010001s ]
NOTIC: [8] Undefined variable: page_seo D:\repo\jing_voice\data\runtime\Cache\home\11e2f12d84b746b76491e3160c81a5b0.php 第 6 行.
NOTIC: [8] Undefined variable: page_seo D:\repo\jing_voice\data\runtime\Cache\home\11e2f12d84b746b76491e3160c81a5b0.php 第 8 行.
NOTIC: [8] Undefined variable: page_seo D:\repo\jing_voice\data\runtime\Cache\home\11e2f12d84b746b76491e3160c81a5b0.php 第 10 行.
INFO: Run ParseTemplate Behavior [ RunTime:-0.030002s ]
INFO: [ view_parse ] --END-- [ RunTime:0.025002s ]
INFO: [ view_filter ] --START--
INFO: Run ContentReplace Behavior [ RunTime:-0.045003s ]
INFO: Run TokenBuild Behavior [ RunTime:-0.047003s ]
INFO: Run WriteHtmlCache Behavior [ RunTime:-0.048003s ]
INFO: Run ShowRuntime Behavior [ RunTime:-0.049003s ]
INFO: Run content_replace Behavior [ RunTime:-0.051003s ]
INFO: [ view_filter ] --END-- [ RunTime:0.006000s ]
INFO: [ view_end ] --START--
INFO: Run ShowPageTrace Behavior [ RunTime:-0.051003s ]
INFO: [ view_end ] --END-- [ RunTime:0.002000s ]

[ 2017-11-21T14:48:03+08:00 ] 127.0.0.1 /blog-index
INFO: [ route_check ] --START--
INFO: Run CheckRoute Behavior [ RunTime:0.001001s ]
INFO: [ route_check ] --END-- [ RunTime:0.001001s ]
INFO: [ app_begin ] --START--
INFO: Run ReadHtmlCache Behavior [ RunTime:-0.001000s ]
INFO: Run check_ipban Behavior [ RunTime:-0.002000s ]
INFO: Run load_lang Behavior [ RunTime:-0.004000s ]
INFO: [ app_begin ] --END-- [ RunTime:0.005000s ]
INFO: [ view_template ] --START--
INFO: Run basic_template Behavior [ RunTime:-0.014000s ]
INFO: [ view_template ] --END-- [ RunTime:0.002000s ]
INFO: [ view_parse ] --START--
INFO: [ view_template ] --START--
INFO: Run basic_template Behavior [ RunTime:-0.019001s ]
INFO: [ view_template ] --END-- [ RunTime:-0.003001s ]
INFO: [ view_template ] --START--
INFO: Run basic_template Behavior [ RunTime:-0.021001s ]
INFO: [ view_template ] --END-- [ RunTime:-0.005001s ]
INFO: [ view_template ] --START--
INFO: Run basic_template Behavior [ RunTime:-0.022001s ]
INFO: [ view_template ] --END-- [ RunTime:-0.006001s ]
INFO: [ view_template ] --START--
INFO: Run basic_template Behavior [ RunTime:-0.024001s ]
INFO: [ view_template ] --END-- [ RunTime:-0.008001s ]
NOTIC: [8] Undefined variable: page_seo D:\repo\jing_voice\data\runtime\Cache\home\b9e6d82fc6a9928baaa2818a2b9d458d.php 第 6 行.
NOTIC: [8] Undefined variable: page_seo D:\repo\jing_voice\data\runtime\Cache\home\b9e6d82fc6a9928baaa2818a2b9d458d.php 第 8 行.
NOTIC: [8] Undefined variable: page_seo D:\repo\jing_voice\data\runtime\Cache\home\b9e6d82fc6a9928baaa2818a2b9d458d.php 第 10 行.
INFO: Run ParseTemplate Behavior [ RunTime:-0.024001s ]
INFO: [ view_parse ] --END-- [ RunTime:0.024002s ]
INFO: [ view_filter ] --START--
INFO: Run ContentReplace Behavior [ RunTime:-0.040002s ]
INFO: Run TokenBuild Behavior [ RunTime:-0.041002s ]
INFO: Run WriteHtmlCache Behavior [ RunTime:-0.042002s ]
INFO: Run ShowRuntime Behavior [ RunTime:-0.042002s ]
INFO: Run content_replace Behavior [ RunTime:-0.043002s ]
INFO: [ view_filter ] --END-- [ RunTime:0.003000s ]
INFO: [ view_end ] --START--
INFO: Run ShowPageTrace Behavior [ RunTime:-0.043002s ]
INFO: [ view_end ] --END-- [ RunTime:0.001000s ]

[ 2017-11-21T14:48:24+08:00 ] 127.0.0.1 /blog-index
INFO: [ route_check ] --START--
INFO: Run CheckRoute Behavior [ RunTime:0.001000s ]
INFO: [ route_check ] --END-- [ RunTime:0.001000s ]
INFO: [ app_begin ] --START--
INFO: Run ReadHtmlCache Behavior [ RunTime:-0.001000s ]
INFO: Run check_ipban Behavior [ RunTime:-0.002000s ]
INFO: Run load_lang Behavior [ RunTime:-0.003000s ]
INFO: [ app_begin ] --END-- [ RunTime:0.006000s ]
INFO: [ view_template ] --START--
INFO: Run basic_template Behavior [ RunTime:-0.013001s ]
INFO: [ view_template ] --END-- [ RunTime:0.002000s ]
INFO: [ view_parse ] --START--
INFO: [ view_template ] --START--
INFO: Run basic_template Behavior [ RunTime:-0.018001s ]
INFO: [ view_template ] --END-- [ RunTime:-0.003000s ]
INFO: [ view_template ] --START--
INFO: Run basic_template Behavior [ RunTime:-0.019001s ]
INFO: [ view_template ] --END-- [ RunTime:-0.004000s ]
INFO: [ view_template ] --START--
INFO: Run basic_template Behavior [ RunTime:-0.020001s ]
INFO: [ view_template ] --END-- [ RunTime:-0.005000s ]
INFO: [ view_template ] --START--
INFO: Run basic_template Behavior [ RunTime:-0.022001s ]
INFO: [ view_template ] --END-- [ RunTime:-0.007000s ]
NOTIC: [8] Undefined variable: page_seo D:\repo\jing_voice\data\runtime\Cache\home\b9e6d82fc6a9928baaa2818a2b9d458d.php 第 6 行.
NOTIC: [8] Undefined variable: page_seo D:\repo\jing_voice\data\runtime\Cache\home\b9e6d82fc6a9928baaa2818a2b9d458d.php 第 8 行.
NOTIC: [8] Undefined variable: page_seo D:\repo\jing_voice\data\runtime\Cache\home\b9e6d82fc6a9928baaa2818a2b9d458d.php 第 10 行.
INFO: Run ParseTemplate Behavior [ RunTime:-0.022001s ]
INFO: [ view_parse ] --END-- [ RunTime:0.023001s ]
INFO: [ view_filter ] --START--
INFO: Run ContentReplace Behavior [ RunTime:-0.038002s ]
INFO: Run TokenBuild Behavior [ RunTime:-0.039002s ]
INFO: Run WriteHtmlCache Behavior [ RunTime:-0.040002s ]
INFO: Run ShowRuntime Behavior [ RunTime:-0.040002s ]
INFO: Run content_replace Behavior [ RunTime:-0.041002s ]
INFO: [ view_filter ] --END-- [ RunTime:0.004000s ]
INFO: [ view_end ] --START--
INFO: Run ShowPageTrace Behavior [ RunTime:-0.042002s ]
INFO: [ view_end ] --END-- [ RunTime:0.000000s ]

