[ 2017-12-12T10:08:37+08:00 ] 127.0.0.1 /
INFO: [ app_begin ] --START--
INFO: Run ReadHtmlCache Behavior [ RunTime:0.004000s ]
INFO: Run check_ipban Behavior [ RunTime:0.000000s ]
INFO: Run load_lang Behavior [ RunTime:-0.004000s ]
INFO: [ app_begin ] --END-- [ RunTime:0.015001s ]
INFO: [ view_template ] --START--
INFO: Run basic_template Behavior [ RunTime:-0.034002s ]
INFO: [ view_template ] --END-- [ RunTime:0.008001s ]
INFO: [ view_parse ] --START--
INFO: [ view_template ] --START--
INFO: Run basic_template Behavior [ RunTime:-0.083005s ]
INFO: [ view_template ] --END-- [ RunTime:-0.041002s ]
INFO: [ view_template ] --START--
INFO: Run basic_template Behavior [ RunTime:-0.088005s ]
INFO: [ view_template ] --END-- [ RunTime:-0.046002s ]
INFO: [ view_template ] --START--
INFO: Run basic_template Behavior [ RunTime:-0.091005s ]
INFO: [ view_template ] --END-- [ RunTime:-0.049002s ]
INFO: [ view_template ] --START--
INFO: Run basic_template Behavior [ RunTime:-0.094006s ]
INFO: [ view_template ] --END-- [ RunTime:-0.052003s ]
NOTIC: [8] Undefined variable: page_seo D:\repo\jing_voice\data\runtime\Cache\home\11e2f12d84b746b76491e3160c81a5b0.php 第 6 行.
NOTIC: [8] Undefined variable: page_seo D:\repo\jing_voice\data\runtime\Cache\home\11e2f12d84b746b76491e3160c81a5b0.php 第 8 行.
NOTIC: [8] Undefined variable: page_seo D:\repo\jing_voice\data\runtime\Cache\home\11e2f12d84b746b76491e3160c81a5b0.php 第 10 行.
INFO: Run ParseTemplate Behavior [ RunTime:-0.094006s ]
INFO: [ view_parse ] --END-- [ RunTime:0.096005s ]
INFO: [ view_filter ] --START--
INFO: Run ContentReplace Behavior [ RunTime:-0.138008s ]
INFO: Run TokenBuild Behavior [ RunTime:-0.141008s ]
INFO: Run WriteHtmlCache Behavior [ RunTime:-0.143008s ]
INFO: Run ShowRuntime Behavior [ RunTime:-0.149009s ]
INFO: Run content_replace Behavior [ RunTime:-0.157009s ]
INFO: [ view_filter ] --END-- [ RunTime:0.021001s ]
INFO: [ view_end ] --START--
INFO: Run ShowPageTrace Behavior [ RunTime:-0.159009s ]
INFO: [ view_end ] --END-- [ RunTime:0.002000s ]

[ 2017-12-12T10:08:44+08:00 ] 127.0.0.1 HTTP://cz1.baicaio.com/
INFO: [ app_begin ] --START--
INFO: Run ReadHtmlCache Behavior [ RunTime:0.002000s ]
INFO: Run check_ipban Behavior [ RunTime:0.000000s ]
INFO: Run load_lang Behavior [ RunTime:-0.052003s ]
INFO: [ app_begin ] --END-- [ RunTime:0.078004s ]
INFO: [ view_template ] --START--
INFO: Run basic_template Behavior [ RunTime:-0.092005s ]
INFO: [ view_template ] --END-- [ RunTime:0.005001s ]
INFO: [ view_parse ] --START--
INFO: [ view_template ] --START--
INFO: Run basic_template Behavior [ RunTime:-0.108006s ]
INFO: [ view_template ] --END-- [ RunTime:-0.011000s ]
INFO: [ view_template ] --START--
INFO: Run basic_template Behavior [ RunTime:-0.113006s ]
INFO: [ view_template ] --END-- [ RunTime:-0.016000s ]
INFO: [ view_template ] --START--
INFO: Run basic_template Behavior [ RunTime:-0.115007s ]
INFO: [ view_template ] --END-- [ RunTime:-0.018001s ]
INFO: [ view_template ] --START--
INFO: Run basic_template Behavior [ RunTime:-0.122007s ]
INFO: [ view_template ] --END-- [ RunTime:-0.025001s ]
NOTIC: [8] Undefined variable: page_seo D:\repo\jing_voice\data\runtime\Cache\home\11e2f12d84b746b76491e3160c81a5b0.php 第 6 行.
NOTIC: [8] Undefined variable: page_seo D:\repo\jing_voice\data\runtime\Cache\home\11e2f12d84b746b76491e3160c81a5b0.php 第 8 行.
NOTIC: [8] Undefined variable: page_seo D:\repo\jing_voice\data\runtime\Cache\home\11e2f12d84b746b76491e3160c81a5b0.php 第 10 行.
INFO: Run ParseTemplate Behavior [ RunTime:-0.122007s ]
INFO: [ view_parse ] --END-- [ RunTime:0.062003s ]
INFO: [ view_filter ] --START--
INFO: Run ContentReplace Behavior [ RunTime:-0.159009s ]
INFO: Run TokenBuild Behavior [ RunTime:-0.160009s ]
INFO: Run WriteHtmlCache Behavior [ RunTime:-0.162009s ]
INFO: Run ShowRuntime Behavior [ RunTime:-0.163009s ]
INFO: Run content_replace Behavior [ RunTime:-0.164009s ]
INFO: [ view_filter ] --END-- [ RunTime:0.008001s ]
INFO: [ view_end ] --START--
INFO: Run ShowPageTrace Behavior [ RunTime:-0.167010s ]
INFO: [ view_end ] --END-- [ RunTime:0.004000s ]

[ 2017-12-12T10:08:44+08:00 ] 127.0.0.1 /
INFO: [ app_begin ] --START--
INFO: Run ReadHtmlCache Behavior [ RunTime:0.002000s ]
INFO: Run check_ipban Behavior [ RunTime:0.000000s ]
INFO: Run load_lang Behavior [ RunTime:-0.013001s ]
INFO: [ app_begin ] --END-- [ RunTime:0.019001s ]
INFO: [ view_template ] --START--
INFO: Run basic_template Behavior [ RunTime:-0.029002s ]
INFO: [ view_template ] --END-- [ RunTime:0.003000s ]
INFO: [ view_parse ] --START--
INFO: [ view_template ] --START--
INFO: Run basic_template Behavior [ RunTime:-0.039002s ]
INFO: [ view_template ] --END-- [ RunTime:-0.007000s ]
INFO: [ view_template ] --START--
INFO: Run basic_template Behavior [ RunTime:-0.043002s ]
INFO: [ view_template ] --END-- [ RunTime:-0.011000s ]
INFO: [ view_template ] --START--
INFO: Run basic_template Behavior [ RunTime:-0.046003s ]
INFO: [ view_template ] --END-- [ RunTime:-0.014001s ]
INFO: [ view_template ] --START--
INFO: Run basic_template Behavior [ RunTime:-0.048003s ]
INFO: [ view_template ] --END-- [ RunTime:-0.016001s ]
NOTIC: [8] Undefined variable: page_seo D:\repo\jing_voice\data\runtime\Cache\home\11e2f12d84b746b76491e3160c81a5b0.php 第 6 行.
NOTIC: [8] Undefined variable: page_seo D:\repo\jing_voice\data\runtime\Cache\home\11e2f12d84b746b76491e3160c81a5b0.php 第 8 行.
NOTIC: [8] Undefined variable: page_seo D:\repo\jing_voice\data\runtime\Cache\home\11e2f12d84b746b76491e3160c81a5b0.php 第 10 行.
INFO: Run ParseTemplate Behavior [ RunTime:-0.048003s ]
INFO: [ view_parse ] --END-- [ RunTime:0.037002s ]
INFO: [ view_filter ] --START--
INFO: Run ContentReplace Behavior [ RunTime:-0.069004s ]
INFO: Run TokenBuild Behavior [ RunTime:-0.079005s ]
INFO: Run WriteHtmlCache Behavior [ RunTime:-0.080005s ]
INFO: Run ShowRuntime Behavior [ RunTime:-0.081005s ]
INFO: Run content_replace Behavior [ RunTime:-0.083005s ]
INFO: [ view_filter ] --END-- [ RunTime:0.015001s ]
INFO: [ view_end ] --START--
INFO: Run ShowPageTrace Behavior [ RunTime:-0.084005s ]
INFO: [ view_end ] --END-- [ RunTime:0.002000s ]

