[ 2017-11-28T10:16:31+08:00 ] 127.0.0.1 /
INFO: [ app_begin ] --START--
INFO: Run ReadHtmlCache Behavior [ RunTime:0.003000s ]
INFO: Run check_ipban Behavior [ RunTime:0.000000s ]
INFO: Run load_lang Behavior [ RunTime:-0.007000s ]
INFO: [ app_begin ] --END-- [ RunTime:0.015000s ]
INFO: [ view_template ] --START--
INFO: Run basic_template Behavior [ RunTime:-0.027001s ]
INFO: [ view_template ] --END-- [ RunTime:0.004001s ]
INFO: [ view_parse ] --START--
INFO: [ view_template ] --START--
INFO: Run basic_template Behavior [ RunTime:-0.038002s ]
INFO: [ view_template ] --END-- [ RunTime:-0.006000s ]
INFO: [ view_template ] --START--
INFO: Run basic_template Behavior [ RunTime:-0.041002s ]
INFO: [ view_template ] --END-- [ RunTime:-0.010000s ]
INFO: [ view_template ] --START--
INFO: Run basic_template Behavior [ RunTime:-0.043002s ]
INFO: [ view_template ] --END-- [ RunTime:-0.012000s ]
INFO: [ view_template ] --START--
INFO: Run basic_template Behavior [ RunTime:-0.046002s ]
INFO: [ view_template ] --END-- [ RunTime:-0.015000s ]
NOTIC: [8] Undefined variable: page_seo D:\repo\jing_voice\data\runtime\Cache\home\11e2f12d84b746b76491e3160c81a5b0.php 第 6 行.
NOTIC: [8] Undefined variable: page_seo D:\repo\jing_voice\data\runtime\Cache\home\11e2f12d84b746b76491e3160c81a5b0.php 第 8 行.
NOTIC: [8] Undefined variable: page_seo D:\repo\jing_voice\data\runtime\Cache\home\11e2f12d84b746b76491e3160c81a5b0.php 第 10 行.
INFO: Run ParseTemplate Behavior [ RunTime:-0.046002s ]
INFO: [ view_parse ] --END-- [ RunTime:0.036002s ]
INFO: [ view_filter ] --START--
INFO: Run ContentReplace Behavior [ RunTime:-0.068004s ]
INFO: Run TokenBuild Behavior [ RunTime:-0.070004s ]
INFO: Run WriteHtmlCache Behavior [ RunTime:-0.072004s ]
INFO: Run ShowRuntime Behavior [ RunTime:-0.076004s ]
INFO: Run content_replace Behavior [ RunTime:-0.079004s ]
INFO: [ view_filter ] --END-- [ RunTime:0.014000s ]
INFO: [ view_end ] --START--
INFO: Run ShowPageTrace Behavior [ RunTime:-0.083005s ]
INFO: [ view_end ] --END-- [ RunTime:0.001000s ]

[ 2017-11-28T10:16:36+08:00 ] 127.0.0.1 HTTP://cz1.baicaio.com/
INFO: [ app_begin ] --START--
INFO: Run ReadHtmlCache Behavior [ RunTime:0.001001s ]
INFO: Run check_ipban Behavior [ RunTime:0.000000s ]
INFO: Run load_lang Behavior [ RunTime:-0.003000s ]
INFO: [ app_begin ] --END-- [ RunTime:0.007001s ]
INFO: [ view_template ] --START--
INFO: Run basic_template Behavior [ RunTime:-0.016000s ]
INFO: [ view_template ] --END-- [ RunTime:0.003001s ]
INFO: [ view_parse ] --START--
INFO: [ view_template ] --START--
INFO: Run basic_template Behavior [ RunTime:-0.034001s ]
INFO: [ view_template ] --END-- [ RunTime:-0.015000s ]
INFO: [ view_template ] --START--
INFO: Run basic_template Behavior [ RunTime:-0.037002s ]
INFO: [ view_template ] --END-- [ RunTime:-0.018001s ]
INFO: [ view_template ] --START--
INFO: Run basic_template Behavior [ RunTime:-0.039002s ]
INFO: [ view_template ] --END-- [ RunTime:-0.020001s ]
INFO: [ view_template ] --START--
INFO: Run basic_template Behavior [ RunTime:-0.041002s ]
INFO: [ view_template ] --END-- [ RunTime:-0.022001s ]
NOTIC: [8] Undefined variable: page_seo D:\repo\jing_voice\data\runtime\Cache\home\11e2f12d84b746b76491e3160c81a5b0.php 第 6 行.
NOTIC: [8] Undefined variable: page_seo D:\repo\jing_voice\data\runtime\Cache\home\11e2f12d84b746b76491e3160c81a5b0.php 第 8 行.
NOTIC: [8] Undefined variable: page_seo D:\repo\jing_voice\data\runtime\Cache\home\11e2f12d84b746b76491e3160c81a5b0.php 第 10 行.
INFO: Run ParseTemplate Behavior [ RunTime:-0.041002s ]
INFO: [ view_parse ] --END-- [ RunTime:0.039002s ]
INFO: [ view_filter ] --START--
INFO: Run ContentReplace Behavior [ RunTime:-0.058003s ]
INFO: Run TokenBuild Behavior [ RunTime:-0.059003s ]
INFO: Run WriteHtmlCache Behavior [ RunTime:-0.061003s ]
INFO: Run ShowRuntime Behavior [ RunTime:-0.063003s ]
INFO: Run content_replace Behavior [ RunTime:-0.064003s ]
INFO: [ view_filter ] --END-- [ RunTime:0.007000s ]
INFO: [ view_end ] --START--
INFO: Run ShowPageTrace Behavior [ RunTime:-0.065003s ]
INFO: [ view_end ] --END-- [ RunTime:0.002000s ]

[ 2017-11-28T10:16:36+08:00 ] 127.0.0.1 /
INFO: [ app_begin ] --START--
INFO: Run ReadHtmlCache Behavior [ RunTime:0.001000s ]
INFO: Run check_ipban Behavior [ RunTime:0.000000s ]
INFO: Run load_lang Behavior [ RunTime:-0.003000s ]
INFO: [ app_begin ] --END-- [ RunTime:0.007001s ]
INFO: [ view_template ] --START--
INFO: Run basic_template Behavior [ RunTime:-0.017001s ]
INFO: [ view_template ] --END-- [ RunTime:0.003000s ]
INFO: [ view_parse ] --START--
INFO: [ view_template ] --START--
INFO: Run basic_template Behavior [ RunTime:-0.025002s ]
INFO: [ view_template ] --END-- [ RunTime:-0.005001s ]
INFO: [ view_template ] --START--
INFO: Run basic_template Behavior [ RunTime:-0.027002s ]
INFO: [ view_template ] --END-- [ RunTime:-0.007001s ]
INFO: [ view_template ] --START--
INFO: Run basic_template Behavior [ RunTime:-0.030002s ]
INFO: [ view_template ] --END-- [ RunTime:-0.010001s ]
INFO: [ view_template ] --START--
INFO: Run basic_template Behavior [ RunTime:-0.032002s ]
INFO: [ view_template ] --END-- [ RunTime:-0.012001s ]
NOTIC: [8] Undefined variable: page_seo D:\repo\jing_voice\data\runtime\Cache\home\11e2f12d84b746b76491e3160c81a5b0.php 第 6 行.
NOTIC: [8] Undefined variable: page_seo D:\repo\jing_voice\data\runtime\Cache\home\11e2f12d84b746b76491e3160c81a5b0.php 第 8 行.
NOTIC: [8] Undefined variable: page_seo D:\repo\jing_voice\data\runtime\Cache\home\11e2f12d84b746b76491e3160c81a5b0.php 第 10 行.
INFO: Run ParseTemplate Behavior [ RunTime:-0.032002s ]
INFO: [ view_parse ] --END-- [ RunTime:0.031002s ]
INFO: [ view_filter ] --START--
INFO: Run ContentReplace Behavior [ RunTime:-0.051003s ]
INFO: Run TokenBuild Behavior [ RunTime:-0.053003s ]
INFO: Run WriteHtmlCache Behavior [ RunTime:-0.054003s ]
INFO: Run ShowRuntime Behavior [ RunTime:-0.056003s ]
INFO: Run content_replace Behavior [ RunTime:-0.057004s ]
INFO: [ view_filter ] --END-- [ RunTime:0.007001s ]
INFO: [ view_end ] --START--
INFO: Run ShowPageTrace Behavior [ RunTime:-0.058004s ]
INFO: [ view_end ] --END-- [ RunTime:0.002000s ]

