[ 2018-04-20T14:40:46+08:00 ] 127.0.0.1 /index-details
INFO: [ route_check ] --START--
INFO: Run CheckRoute Behavior [ RunTime:0.019001s ]
INFO: [ route_check ] --END-- [ RunTime:0.019001s ]
INFO: [ app_begin ] --START--
INFO: Run ReadHtmlCache Behavior [ RunTime:-0.014001s ]
INFO: Run check_ipban Behavior [ RunTime:-0.016001s ]
INFO: Run load_lang Behavior [ RunTime:-0.037003s ]
INFO: [ app_begin ] --END-- [ RunTime:0.050003s ]
SQL: SHOW COLUMNS FROM `try_item` [ RunTime:0.010000s ]
SQL: SELECT `id`,`title`,`img`,`zan`,`hits`,`content` FROM `try_item` WHERE status=1 and add_time<1524206445 and ds_time < 1524206445  and isnice=1  ORDER BY  add_time desc LIMIT 0,18   [ RunTime:0.289016s ]
INFO: [ view_template ] --START--
INFO: Run basic_template Behavior [ RunTime:-1.472085s ]
INFO: [ view_template ] --END-- [ RunTime:0.003000s ]
INFO: [ view_parse ] --START--
INFO: [ view_template ] --START--
INFO: Run basic_template Behavior [ RunTime:-1.480085s ]
INFO: [ view_template ] --END-- [ RunTime:-0.005000s ]
INFO: [ view_template ] --START--
INFO: Run basic_template Behavior [ RunTime:-1.481085s ]
INFO: [ view_template ] --END-- [ RunTime:-0.006000s ]
INFO: Run ParseTemplate Behavior [ RunTime:-1.481085s ]
INFO: [ view_parse ] --END-- [ RunTime:0.028001s ]
INFO: [ view_filter ] --START--
INFO: Run ContentReplace Behavior [ RunTime:-1.503086s ]
INFO: Run TokenBuild Behavior [ RunTime:-1.504086s ]
INFO: Run WriteHtmlCache Behavior [ RunTime:-1.505087s ]
INFO: Run ShowRuntime Behavior [ RunTime:-1.507087s ]
INFO: Run content_replace Behavior [ RunTime:-1.508087s ]
INFO: [ view_filter ] --END-- [ RunTime:0.006001s ]
INFO: [ view_end ] --START--
INFO: Run ShowPageTrace Behavior [ RunTime:-1.509087s ]
INFO: [ view_end ] --END-- [ RunTime:0.001000s ]

[ 2018-04-20T14:40:46+08:00 ] ERR: (ThinkException) 无法加载模块:details_files/logo_dark
[ 2018-04-20T14:40:46+08:00 ] ERR: (ThinkException) 无法加载模块:details_files/header_1
[ 2018-04-20T14:40:46+08:00 ] ERR: (ThinkException) 无法加载模块:details_files/header_2
[ 2018-04-20T14:40:46+08:00 ] ERR: (ThinkException) 无法加载模块:details_files/header_3
[ 2018-04-20T14:40:46+08:00 ] ERR: (ThinkException) 无法加载模块:details_files/header_4
[ 2018-04-20T14:40:46+08:00 ] ERR: (ThinkException) 无法加载模块:details_files/header_5
[ 2018-04-20T14:40:46+08:00 ] ERR: (ThinkException) 无法加载模块:details_files/footer_3
[ 2018-04-20T14:40:46+08:00 ] ERR: (ThinkException) 无法加载模块:details_files/footer_1
[ 2018-04-20T14:40:46+08:00 ] ERR: (ThinkException) 无法加载模块:details_files/footer_2
[ 2018-04-20T14:40:46+08:00 ] ERR: (ThinkException) 无法加载模块:details_files/header_6
[ 2018-04-20T14:40:46+08:00 ] ERR: (ThinkException) 无法加载模块:details_files/footer_5
[ 2018-04-20T14:40:46+08:00 ] ERR: (ThinkException) 无法加载模块:details_files/footer_4
[ 2018-04-20T14:40:46+08:00 ] ERR: (ThinkException) 无法加载模块:details_files/loc_icon_small_grey
[ 2018-04-20T14:40:46+08:00 ] ERR: (ThinkException) 无法加载模块:details_files/tour_grid_1
[ 2018-04-20T14:40:46+08:00 ] ERR: (ThinkException) 无法加载模块:details_files/logo
[ 2018-04-20T14:40:46+08:00 ] ERR: (ThinkException) 无法加载模块:details_files/calendar_icon_grey
[ 2018-04-20T14:40:46+08:00 ] ERR: (ThinkException) 无法加载模块:details_files/news_1
[ 2018-04-20T14:40:46+08:00 ] ERR: (ThinkException) 无法加载模块:details_files/news_2
[ 2018-04-20T14:40:46+08:00 ] ERR: (ThinkException) 无法加载模块:img/tour_list/inner_banner_1
[ 2018-04-20T14:40:46+08:00 ] ERR: (ThinkException) 无法加载模块:dist/fonts/fontawesome
[ 2018-04-20T14:48:00+08:00 ] 127.0.0.1 /index-details
INFO: [ route_check ] --START--
INFO: Run CheckRoute Behavior [ RunTime:0.003000s ]
INFO: [ route_check ] --END-- [ RunTime:0.003000s ]
INFO: [ app_begin ] --START--
INFO: Run ReadHtmlCache Behavior [ RunTime:-0.002000s ]
INFO: Run check_ipban Behavior [ RunTime:-0.003000s ]
INFO: Run load_lang Behavior [ RunTime:-0.005000s ]
INFO: [ app_begin ] --END-- [ RunTime:0.006000s ]
SQL: SHOW COLUMNS FROM `try_item` [ RunTime:0.007001s ]
SQL: SELECT `id`,`title`,`img`,`zan`,`hits`,`content` FROM `try_item` WHERE status=1 and add_time<1524206879 and ds_time < 1524206879  and isnice=1  ORDER BY  add_time desc LIMIT 0,18   [ RunTime:0.506029s ]
INFO: [ view_template ] --START--
INFO: Run basic_template Behavior [ RunTime:-1.598091s ]
INFO: [ view_template ] --END-- [ RunTime:0.001000s ]
INFO: [ view_parse ] --START--
INFO: [ view_template ] --START--
INFO: Run basic_template Behavior [ RunTime:-1.605092s ]
INFO: [ view_template ] --END-- [ RunTime:-0.006001s ]
INFO: [ view_template ] --START--
INFO: Run basic_template Behavior [ RunTime:-1.606092s ]
INFO: [ view_template ] --END-- [ RunTime:-0.007001s ]
INFO: Run ParseTemplate Behavior [ RunTime:-1.606092s ]
INFO: [ view_parse ] --END-- [ RunTime:0.034002s ]
INFO: [ view_filter ] --START--
INFO: Run ContentReplace Behavior [ RunTime:-1.633093s ]
INFO: Run TokenBuild Behavior [ RunTime:-1.634093s ]
INFO: Run WriteHtmlCache Behavior [ RunTime:-1.636093s ]
INFO: Run ShowRuntime Behavior [ RunTime:-1.636093s ]
INFO: Run content_replace Behavior [ RunTime:-1.637093s ]
INFO: [ view_filter ] --END-- [ RunTime:0.005001s ]
INFO: [ view_end ] --START--
INFO: Run ShowPageTrace Behavior [ RunTime:-1.638094s ]
INFO: [ view_end ] --END-- [ RunTime:0.001000s ]

[ 2018-04-20T14:48:00+08:00 ] ERR: (ThinkException) 无法加载模块:details_files/logo_dark
[ 2018-04-20T14:48:00+08:00 ] ERR: (ThinkException) 无法加载模块:details_files/header_1
[ 2018-04-20T14:48:00+08:00 ] ERR: (ThinkException) 无法加载模块:details_files/header_2
[ 2018-04-20T14:48:00+08:00 ] ERR: (ThinkException) 无法加载模块:details_files/header_3
[ 2018-04-20T14:48:00+08:00 ] ERR: (ThinkException) 无法加载模块:details_files/header_5
[ 2018-04-20T14:48:00+08:00 ] ERR: (ThinkException) 无法加载模块:details_files/header_4
[ 2018-04-20T14:48:00+08:00 ] ERR: (ThinkException) 无法加载模块:details_files/footer_1
[ 2018-04-20T14:48:00+08:00 ] ERR: (ThinkException) 无法加载模块:details_files/footer_2
[ 2018-04-20T14:48:00+08:00 ] ERR: (ThinkException) 无法加载模块:details_files/header_6
[ 2018-04-20T14:48:00+08:00 ] ERR: (ThinkException) 无法加载模块:dist/fonts/fontawesome
[ 2018-04-20T14:48:00+08:00 ] ERR: (ThinkException) 无法加载模块:details_files/calendar_icon_grey
[ 2018-04-20T14:48:00+08:00 ] ERR: (ThinkException) 无法加载模块:details_files/tour_grid_1
[ 2018-04-20T14:48:00+08:00 ] ERR: (ThinkException) 无法加载模块:details_files/footer_3
[ 2018-04-20T14:48:00+08:00 ] ERR: (ThinkException) 无法加载模块:img/tour_list/inner_banner_1
[ 2018-04-20T14:48:00+08:00 ] ERR: (ThinkException) 无法加载模块:details_files/logo
[ 2018-04-20T14:48:00+08:00 ] ERR: (ThinkException) 无法加载模块:details_files/footer_4
[ 2018-04-20T14:48:00+08:00 ] ERR: (ThinkException) 无法加载模块:details_files/news_1
[ 2018-04-20T14:48:00+08:00 ] ERR: (ThinkException) 无法加载模块:details_files/loc_icon_small_grey
[ 2018-04-20T14:48:00+08:00 ] ERR: (ThinkException) 无法加载模块:details_files/footer_5
[ 2018-04-20T14:48:00+08:00 ] ERR: (ThinkException) 无法加载模块:details_files/news_2
[ 2018-04-20T14:48:06+08:00 ] 127.0.0.1 /index-details
INFO: [ route_check ] --START--
INFO: Run CheckRoute Behavior [ RunTime:0.002000s ]
INFO: [ route_check ] --END-- [ RunTime:0.002000s ]
INFO: [ app_begin ] --START--
INFO: Run ReadHtmlCache Behavior [ RunTime:-0.001000s ]
INFO: Run check_ipban Behavior [ RunTime:-0.002000s ]
INFO: Run load_lang Behavior [ RunTime:-0.003000s ]
INFO: [ app_begin ] --END-- [ RunTime:0.004001s ]
SQL: SHOW COLUMNS FROM `try_item` [ RunTime:0.012001s ]
SQL: SELECT `id`,`title`,`img`,`zan`,`hits`,`content` FROM `try_item` WHERE status=1 and add_time<1524206885 and ds_time < 1524206885  and isnice=1  ORDER BY  add_time desc LIMIT 0,18   [ RunTime:0.413024s ]
INFO: [ view_template ] --START--
INFO: Run basic_template Behavior [ RunTime:-1.572090s ]
INFO: [ view_template ] --END-- [ RunTime:0.002000s ]
INFO: [ view_parse ] --START--
INFO: [ view_template ] --START--
INFO: Run basic_template Behavior [ RunTime:-1.577090s ]
INFO: [ view_template ] --END-- [ RunTime:-0.003000s ]
INFO: [ view_template ] --START--
INFO: Run basic_template Behavior [ RunTime:-1.578091s ]
INFO: [ view_template ] --END-- [ RunTime:-0.004001s ]
INFO: Run ParseTemplate Behavior [ RunTime:-1.578091s ]
INFO: [ view_parse ] --END-- [ RunTime:0.029002s ]
INFO: [ view_filter ] --START--
INFO: Run ContentReplace Behavior [ RunTime:-1.603092s ]
INFO: Run TokenBuild Behavior [ RunTime:-1.604092s ]
INFO: Run WriteHtmlCache Behavior [ RunTime:-1.605092s ]
INFO: Run ShowRuntime Behavior [ RunTime:-1.606092s ]
INFO: Run content_replace Behavior [ RunTime:-1.606092s ]
INFO: [ view_filter ] --END-- [ RunTime:0.004000s ]
INFO: [ view_end ] --START--
INFO: Run ShowPageTrace Behavior [ RunTime:-1.607092s ]
INFO: [ view_end ] --END-- [ RunTime:0.001000s ]

[ 2018-04-20T14:48:06+08:00 ] ERR: (ThinkException) 无法加载模块:details_files/header_5
[ 2018-04-20T14:48:06+08:00 ] ERR: (ThinkException) 无法加载模块:details_files/header_2
[ 2018-04-20T14:48:06+08:00 ] ERR: (ThinkException) 无法加载模块:details_files/header_3
[ 2018-04-20T14:48:06+08:00 ] ERR: (ThinkException) 无法加载模块:details_files/header_4
[ 2018-04-20T14:48:06+08:00 ] ERR: (ThinkException) 无法加载模块:dist/fonts/fontawesome
[ 2018-04-20T14:48:06+08:00 ] ERR: (ThinkException) 无法加载模块:details_files/calendar_icon_grey
[ 2018-04-20T14:48:06+08:00 ] ERR: (ThinkException) 无法加载模块:details_files/tour_grid_1
[ 2018-04-20T14:48:06+08:00 ] ERR: (ThinkException) 无法加载模块:details_files/loc_icon_small_grey
[ 2018-04-20T14:48:06+08:00 ] ERR: (ThinkException) 无法加载模块:details_files/header_6
[ 2018-04-20T14:48:06+08:00 ] ERR: (ThinkException) 无法加载模块:details_files/footer_2
[ 2018-04-20T14:48:06+08:00 ] ERR: (ThinkException) 无法加载模块:details_files/footer_3
[ 2018-04-20T14:48:06+08:00 ] ERR: (ThinkException) 无法加载模块:details_files/footer_4
[ 2018-04-20T14:48:06+08:00 ] ERR: (ThinkException) 无法加载模块:details_files/footer_5
[ 2018-04-20T14:48:06+08:00 ] ERR: (ThinkException) 无法加载模块:details_files/header_1
[ 2018-04-20T14:48:06+08:00 ] ERR: (ThinkException) 无法加载模块:details_files/logo
[ 2018-04-20T14:48:06+08:00 ] ERR: (ThinkException) 无法加载模块:details_files/news_1
[ 2018-04-20T14:48:06+08:00 ] ERR: (ThinkException) 无法加载模块:img/tour_list/inner_banner_1
[ 2018-04-20T14:48:06+08:00 ] ERR: (ThinkException) 无法加载模块:details_files/news_2
[ 2018-04-20T14:48:06+08:00 ] ERR: (ThinkException) 无法加载模块:details_files/logo_dark
[ 2018-04-20T14:48:06+08:00 ] ERR: (ThinkException) 无法加载模块:details_files/footer_1
[ 2018-04-20T14:49:24+08:00 ] 127.0.0.1 /index-details
INFO: [ route_check ] --START--
INFO: Run CheckRoute Behavior [ RunTime:0.001000s ]
INFO: [ route_check ] --END-- [ RunTime:0.001000s ]
INFO: [ app_begin ] --START--
INFO: Run ReadHtmlCache Behavior [ RunTime:-0.001000s ]
INFO: Run check_ipban Behavior [ RunTime:-0.002000s ]
INFO: Run load_lang Behavior [ RunTime:-0.003000s ]
INFO: [ app_begin ] --END-- [ RunTime:0.003001s ]
SQL: SHOW COLUMNS FROM `try_item` [ RunTime:0.007000s ]
SQL: SELECT `id`,`title`,`img`,`zan`,`hits`,`content` FROM `try_item` WHERE status=1 and add_time<1524206963 and ds_time < 1524206963  and isnice=1  ORDER BY  add_time desc LIMIT 0,18   [ RunTime:0.385022s ]
INFO: [ view_template ] --START--
INFO: Run basic_template Behavior [ RunTime:-1.461084s ]
INFO: [ view_template ] --END-- [ RunTime:0.001000s ]
INFO: [ view_parse ] --START--
INFO: [ view_template ] --START--
INFO: Run basic_template Behavior [ RunTime:-1.465084s ]
INFO: [ view_template ] --END-- [ RunTime:-0.003000s ]
INFO: [ view_template ] --START--
INFO: Run basic_template Behavior [ RunTime:-1.475085s ]
INFO: [ view_template ] --END-- [ RunTime:-0.013001s ]
INFO: Run ParseTemplate Behavior [ RunTime:-1.475085s ]
INFO: [ view_parse ] --END-- [ RunTime:0.041002s ]
INFO: [ view_filter ] --START--
INFO: Run ContentReplace Behavior [ RunTime:-1.503086s ]
INFO: Run TokenBuild Behavior [ RunTime:-1.504086s ]
INFO: Run WriteHtmlCache Behavior [ RunTime:-1.507087s ]
INFO: Run ShowRuntime Behavior [ RunTime:-1.508087s ]
INFO: Run content_replace Behavior [ RunTime:-1.509087s ]
INFO: [ view_filter ] --END-- [ RunTime:0.007001s ]
INFO: [ view_end ] --START--
INFO: Run ShowPageTrace Behavior [ RunTime:-1.510087s ]
INFO: [ view_end ] --END-- [ RunTime:0.001000s ]

[ 2018-04-20T14:49:24+08:00 ] ERR: (ThinkException) 无法加载模块:details_files/logo_dark
[ 2018-04-20T14:49:24+08:00 ] ERR: (ThinkException) 无法加载模块:details_files/header_1
[ 2018-04-20T14:49:24+08:00 ] ERR: (ThinkException) 无法加载模块:details_files/header_2
[ 2018-04-20T14:49:24+08:00 ] ERR: (ThinkException) 无法加载模块:details_files/header_3
[ 2018-04-20T14:49:24+08:00 ] ERR: (ThinkException) 无法加载模块:details_files/header_4
[ 2018-04-20T14:49:24+08:00 ] ERR: (ThinkException) 无法加载模块:details_files/header_6
[ 2018-04-20T14:49:24+08:00 ] ERR: (ThinkException) 无法加载模块:details_files/footer_1
[ 2018-04-20T14:49:24+08:00 ] ERR: (ThinkException) 无法加载模块:details_files/footer_4
[ 2018-04-20T14:49:24+08:00 ] ERR: (ThinkException) 无法加载模块:details_files/footer_5
[ 2018-04-20T14:49:24+08:00 ] ERR: (ThinkException) 无法加载模块:dist/fonts/fontawesome
[ 2018-04-20T14:49:24+08:00 ] ERR: (ThinkException) 无法加载模块:img/tour_list/inner_banner_1
[ 2018-04-20T14:49:24+08:00 ] ERR: (ThinkException) 无法加载模块:details_files/header_5
[ 2018-04-20T14:49:24+08:00 ] ERR: (ThinkException) 无法加载模块:details_files/logo
[ 2018-04-20T14:49:24+08:00 ] ERR: (ThinkException) 无法加载模块:details_files/news_1
[ 2018-04-20T14:49:24+08:00 ] ERR: (ThinkException) 无法加载模块:details_files/footer_2
[ 2018-04-20T14:49:24+08:00 ] ERR: (ThinkException) 无法加载模块:details_files/footer_3
[ 2018-04-20T14:49:24+08:00 ] ERR: (ThinkException) 无法加载模块:details_files/loc_icon_small_grey
[ 2018-04-20T14:49:24+08:00 ] ERR: (ThinkException) 无法加载模块:details_files/calendar_icon_grey
[ 2018-04-20T14:49:24+08:00 ] ERR: (ThinkException) 无法加载模块:details_files/tour_grid_1
[ 2018-04-20T14:49:24+08:00 ] ERR: (ThinkException) 无法加载模块:details_files/news_2
