[ 2018-04-19T12:28:28+08:00 ] ERR: (ThinkException) 无法加载模块:item/images/logo_dark
[ 2018-04-19T12:28:28+08:00 ] ERR: (ThinkException) 无法加载模块:dist/fonts/fontawesome
[ 2018-04-19T12:40:39+08:00 ] ERR: (ThinkException) 无法加载模块:details_files/logo_dark
[ 2018-04-19T12:40:39+08:00 ] ERR: (ThinkException) 无法加载模块:details_files/header_4
[ 2018-04-19T12:40:39+08:00 ] ERR: (ThinkException) 无法加载模块:details_files/header_5
[ 2018-04-19T12:40:39+08:00 ] ERR: (ThinkException) 无法加载模块:details_files/header_1
[ 2018-04-19T12:40:39+08:00 ] ERR: (ThinkException) 无法加载模块:details_files/header_3
[ 2018-04-19T12:40:39+08:00 ] ERR: (ThinkException) 无法加载模块:details_files/header_6
[ 2018-04-19T12:40:39+08:00 ] ERR: (ThinkException) 无法加载模块:details_files/header_2
[ 2018-04-19T12:40:39+08:00 ] ERR: (ThinkException) 无法加载模块:details_files/footer_1
[ 2018-04-19T12:40:39+08:00 ] ERR: (ThinkException) 无法加载模块:details_files/footer_3
[ 2018-04-19T12:40:39+08:00 ] ERR: (ThinkException) 无法加载模块:details_files/footer_5
[ 2018-04-19T12:40:39+08:00 ] ERR: (ThinkException) 无法加载模块:details_files/loc_icon_small_grey
[ 2018-04-19T12:40:39+08:00 ] ERR: (ThinkException) 无法加载模块:details_files/tour_grid_1
[ 2018-04-19T12:40:39+08:00 ] ERR: (ThinkException) 无法加载模块:details_files/footer_4
[ 2018-04-19T12:40:39+08:00 ] ERR: (ThinkException) 无法加载模块:details_files/logo
[ 2018-04-19T12:40:39+08:00 ] ERR: (ThinkException) 无法加载模块:details_files/footer_2
[ 2018-04-19T12:40:39+08:00 ] ERR: (ThinkException) 无法加载模块:dist/fonts/fontawesome
[ 2018-04-19T12:40:39+08:00 ] ERR: (ThinkException) 无法加载模块:details_files/news_1
[ 2018-04-19T12:40:39+08:00 ] ERR: (ThinkException) 无法加载模块:details_files/calendar_icon_grey
[ 2018-04-19T12:40:39+08:00 ] ERR: (ThinkException) 无法加载模块:img/tour_list/inner_banner_1
[ 2018-04-19T12:40:39+08:00 ] ERR: (ThinkException) 无法加载模块:details_files/news_2
