[ 2018-03-27T13:34:29+08:00 ] 127.0.0.1 /
INFO: [ app_begin ] --START--
INFO: Run ReadHtmlCache Behavior [ RunTime:0.003001s ]
INFO: Run check_ipban Behavior [ RunTime:-0.001000s ]
INFO: Run load_lang Behavior [ RunTime:-0.006000s ]
INFO: [ app_begin ] --END-- [ RunTime:0.014001s ]
INFO: [ view_template ] --START--
INFO: Run basic_template Behavior [ RunTime:-0.024001s ]
INFO: [ view_template ] --END-- [ RunTime:0.002000s ]
INFO: [ view_parse ] --START--
INFO: [ view_template ] --START--
INFO: Run basic_template Behavior [ RunTime:-0.032001s ]
INFO: [ view_template ] --END-- [ RunTime:-0.006000s ]
INFO: [ view_template ] --START--
INFO: Run basic_template Behavior [ RunTime:-0.033001s ]
INFO: [ view_template ] --END-- [ RunTime:-0.007000s ]
INFO: [ view_template ] --START--
INFO: Run basic_template Behavior [ RunTime:-0.034002s ]
INFO: [ view_template ] --END-- [ RunTime:-0.008001s ]
INFO: [ view_template ] --START--
INFO: Run basic_template Behavior [ RunTime:-0.034002s ]
INFO: [ view_template ] --END-- [ RunTime:-0.008001s ]
NOTIC: [8] Undefined variable: page_seo D:\repo\jing_voice\data\runtime\Cache\home\11e2f12d84b746b76491e3160c81a5b0.php 第 6 行.
NOTIC: [8] Undefined variable: page_seo D:\repo\jing_voice\data\runtime\Cache\home\11e2f12d84b746b76491e3160c81a5b0.php 第 8 行.
NOTIC: [8] Undefined variable: page_seo D:\repo\jing_voice\data\runtime\Cache\home\11e2f12d84b746b76491e3160c81a5b0.php 第 10 行.
INFO: Run ParseTemplate Behavior [ RunTime:-0.034002s ]
INFO: [ view_parse ] --END-- [ RunTime:0.029002s ]
INFO: [ view_filter ] --START--
INFO: Run ContentReplace Behavior [ RunTime:-0.055003s ]
INFO: Run TokenBuild Behavior [ RunTime:-0.056003s ]
INFO: Run WriteHtmlCache Behavior [ RunTime:-0.058003s ]
INFO: Run ShowRuntime Behavior [ RunTime:-0.061003s ]
INFO: Run content_replace Behavior [ RunTime:-0.065003s ]
INFO: [ view_filter ] --END-- [ RunTime:0.011000s ]
INFO: [ view_end ] --START--
INFO: Run ShowPageTrace Behavior [ RunTime:-0.067003s ]
INFO: [ view_end ] --END-- [ RunTime:0.002000s ]

