[ 2018-03-22T08:17:35+08:00 ] 127.0.0.1 /
INFO: [ app_begin ] --START--
INFO: Run ReadHtmlCache Behavior [ RunTime:0.002000s ]
INFO: Run check_ipban Behavior [ RunTime:0.000000s ]
INFO: Run load_lang Behavior [ RunTime:-0.026001s ]
INFO: [ app_begin ] --END-- [ RunTime:0.046002s ]
INFO: [ view_template ] --START--
INFO: Run basic_template Behavior [ RunTime:-0.057003s ]
INFO: [ view_template ] --END-- [ RunTime:0.003000s ]
INFO: [ view_parse ] --START--
INFO: [ view_template ] --START--
INFO: Run basic_template Behavior [ RunTime:-0.066004s ]
INFO: [ view_template ] --END-- [ RunTime:-0.006001s ]
INFO: [ view_template ] --START--
INFO: Run basic_template Behavior [ RunTime:-0.068004s ]
INFO: [ view_template ] --END-- [ RunTime:-0.008001s ]
INFO: [ view_template ] --START--
INFO: Run basic_template Behavior [ RunTime:-0.071004s ]
INFO: [ view_template ] --END-- [ RunTime:-0.011001s ]
INFO: [ view_template ] --START--
INFO: Run basic_template Behavior [ RunTime:-0.073004s ]
INFO: [ view_template ] --END-- [ RunTime:-0.013001s ]
NOTIC: [8] Undefined variable: page_seo D:\repo\jing_voice\data\runtime\Cache\home\11e2f12d84b746b76491e3160c81a5b0.php 第 6 行.
NOTIC: [8] Undefined variable: page_seo D:\repo\jing_voice\data\runtime\Cache\home\11e2f12d84b746b76491e3160c81a5b0.php 第 8 行.
NOTIC: [8] Undefined variable: page_seo D:\repo\jing_voice\data\runtime\Cache\home\11e2f12d84b746b76491e3160c81a5b0.php 第 10 行.
INFO: Run ParseTemplate Behavior [ RunTime:-0.073004s ]
INFO: [ view_parse ] --END-- [ RunTime:0.031002s ]
INFO: [ view_filter ] --START--
INFO: Run ContentReplace Behavior [ RunTime:-0.091005s ]
INFO: Run TokenBuild Behavior [ RunTime:-0.092005s ]
INFO: Run WriteHtmlCache Behavior [ RunTime:-0.094005s ]
INFO: Run ShowRuntime Behavior [ RunTime:-0.095005s ]
INFO: Run content_replace Behavior [ RunTime:-0.097006s ]
INFO: [ view_filter ] --END-- [ RunTime:0.007001s ]
INFO: [ view_end ] --START--
INFO: Run ShowPageTrace Behavior [ RunTime:-0.098006s ]
INFO: [ view_end ] --END-- [ RunTime:0.002000s ]

[ 2018-03-22T08:17:37+08:00 ] 127.0.0.1 HTTP://cz1.baicaio.com/
INFO: [ app_begin ] --START--
INFO: Run ReadHtmlCache Behavior [ RunTime:0.002000s ]
INFO: Run check_ipban Behavior [ RunTime:0.000000s ]
INFO: Run load_lang Behavior [ RunTime:-0.003000s ]
INFO: [ app_begin ] --END-- [ RunTime:0.008000s ]
INFO: [ view_template ] --START--
INFO: Run basic_template Behavior [ RunTime:-0.017001s ]
INFO: [ view_template ] --END-- [ RunTime:0.004000s ]
INFO: [ view_parse ] --START--
INFO: [ view_template ] --START--
INFO: Run basic_template Behavior [ RunTime:-0.026002s ]
INFO: [ view_template ] --END-- [ RunTime:-0.005001s ]
INFO: [ view_template ] --START--
INFO: Run basic_template Behavior [ RunTime:-0.028002s ]
INFO: [ view_template ] --END-- [ RunTime:-0.007001s ]
INFO: [ view_template ] --START--
INFO: Run basic_template Behavior [ RunTime:-0.030002s ]
INFO: [ view_template ] --END-- [ RunTime:-0.009001s ]
INFO: [ view_template ] --START--
INFO: Run basic_template Behavior [ RunTime:-0.032002s ]
INFO: [ view_template ] --END-- [ RunTime:-0.011001s ]
NOTIC: [8] Undefined variable: page_seo D:\repo\jing_voice\data\runtime\Cache\home\11e2f12d84b746b76491e3160c81a5b0.php 第 6 行.
NOTIC: [8] Undefined variable: page_seo D:\repo\jing_voice\data\runtime\Cache\home\11e2f12d84b746b76491e3160c81a5b0.php 第 8 行.
NOTIC: [8] Undefined variable: page_seo D:\repo\jing_voice\data\runtime\Cache\home\11e2f12d84b746b76491e3160c81a5b0.php 第 10 行.
INFO: Run ParseTemplate Behavior [ RunTime:-0.032002s ]
INFO: [ view_parse ] --END-- [ RunTime:0.027002s ]
INFO: [ view_filter ] --START--
INFO: Run ContentReplace Behavior [ RunTime:-0.048003s ]
INFO: Run TokenBuild Behavior [ RunTime:-0.049003s ]
INFO: Run WriteHtmlCache Behavior [ RunTime:-0.051003s ]
INFO: Run ShowRuntime Behavior [ RunTime:-0.052003s ]
INFO: Run content_replace Behavior [ RunTime:-0.054003s ]
INFO: [ view_filter ] --END-- [ RunTime:0.007000s ]
INFO: [ view_end ] --START--
INFO: Run ShowPageTrace Behavior [ RunTime:-0.055003s ]
INFO: [ view_end ] --END-- [ RunTime:0.001000s ]

[ 2018-03-22T08:17:37+08:00 ] 127.0.0.1 /
INFO: [ app_begin ] --START--
INFO: Run ReadHtmlCache Behavior [ RunTime:0.001000s ]
INFO: Run check_ipban Behavior [ RunTime:0.000000s ]
INFO: Run load_lang Behavior [ RunTime:-0.003000s ]
INFO: [ app_begin ] --END-- [ RunTime:0.007000s ]
INFO: [ view_template ] --START--
INFO: Run basic_template Behavior [ RunTime:-0.016001s ]
INFO: [ view_template ] --END-- [ RunTime:0.003000s ]
INFO: [ view_parse ] --START--
INFO: [ view_template ] --START--
INFO: Run basic_template Behavior [ RunTime:-0.024001s ]
INFO: [ view_template ] --END-- [ RunTime:-0.005000s ]
INFO: [ view_template ] --START--
INFO: Run basic_template Behavior [ RunTime:-0.026002s ]
INFO: [ view_template ] --END-- [ RunTime:-0.007001s ]
INFO: [ view_template ] --START--
INFO: Run basic_template Behavior [ RunTime:-0.028002s ]
INFO: [ view_template ] --END-- [ RunTime:-0.009001s ]
INFO: [ view_template ] --START--
INFO: Run basic_template Behavior [ RunTime:-0.030002s ]
INFO: [ view_template ] --END-- [ RunTime:-0.011001s ]
NOTIC: [8] Undefined variable: page_seo D:\repo\jing_voice\data\runtime\Cache\home\11e2f12d84b746b76491e3160c81a5b0.php 第 6 行.
NOTIC: [8] Undefined variable: page_seo D:\repo\jing_voice\data\runtime\Cache\home\11e2f12d84b746b76491e3160c81a5b0.php 第 8 行.
NOTIC: [8] Undefined variable: page_seo D:\repo\jing_voice\data\runtime\Cache\home\11e2f12d84b746b76491e3160c81a5b0.php 第 10 行.
INFO: Run ParseTemplate Behavior [ RunTime:-0.030002s ]
INFO: [ view_parse ] --END-- [ RunTime:0.027002s ]
INFO: [ view_filter ] --START--
INFO: Run ContentReplace Behavior [ RunTime:-0.046003s ]
INFO: Run TokenBuild Behavior [ RunTime:-0.048003s ]
INFO: Run WriteHtmlCache Behavior [ RunTime:-0.049003s ]
INFO: Run ShowRuntime Behavior [ RunTime:-0.050003s ]
INFO: Run content_replace Behavior [ RunTime:-0.052003s ]
INFO: [ view_filter ] --END-- [ RunTime:0.007000s ]
INFO: [ view_end ] --START--
INFO: Run ShowPageTrace Behavior [ RunTime:-0.053003s ]
INFO: [ view_end ] --END-- [ RunTime:0.002000s ]

