[ 2018-03-05T13:48:28+08:00 ] 127.0.0.1 /
INFO: [ app_begin ] --START--
INFO: Run ReadHtmlCache Behavior [ RunTime:0.006001s ]
INFO: Run check_ipban Behavior [ RunTime:0.000000s ]
INFO: Run load_lang Behavior [ RunTime:-0.010000s ]
INFO: [ app_begin ] --END-- [ RunTime:0.021002s ]
INFO: [ view_template ] --START--
INFO: Run basic_template Behavior [ RunTime:-0.042002s ]
INFO: [ view_template ] --END-- [ RunTime:0.020001s ]
INFO: [ view_parse ] --START--
INFO: [ view_template ] --START--
INFO: Run basic_template Behavior [ RunTime:-0.069004s ]
INFO: [ view_template ] --END-- [ RunTime:-0.007001s ]
INFO: [ view_template ] --START--
INFO: Run basic_template Behavior [ RunTime:-0.072004s ]
INFO: [ view_template ] --END-- [ RunTime:-0.010001s ]
INFO: [ view_template ] --START--
INFO: Run basic_template Behavior [ RunTime:-0.075004s ]
INFO: [ view_template ] --END-- [ RunTime:-0.013001s ]
INFO: [ view_template ] --START--
INFO: Run basic_template Behavior [ RunTime:-0.077004s ]
INFO: [ view_template ] --END-- [ RunTime:-0.015001s ]
NOTIC: [8] Undefined variable: page_seo D:\repo\jing_voice\data\runtime\Cache\home\11e2f12d84b746b76491e3160c81a5b0.php 第 6 行.
NOTIC: [8] Undefined variable: page_seo D:\repo\jing_voice\data\runtime\Cache\home\11e2f12d84b746b76491e3160c81a5b0.php 第 8 行.
NOTIC: [8] Undefined variable: page_seo D:\repo\jing_voice\data\runtime\Cache\home\11e2f12d84b746b76491e3160c81a5b0.php 第 10 行.
INFO: Run ParseTemplate Behavior [ RunTime:-0.077004s ]
INFO: [ view_parse ] --END-- [ RunTime:0.035002s ]
INFO: [ view_filter ] --START--
INFO: Run ContentReplace Behavior [ RunTime:-0.097005s ]
INFO: Run TokenBuild Behavior [ RunTime:-0.099005s ]
INFO: Run WriteHtmlCache Behavior [ RunTime:-0.101006s ]
INFO: Run ShowRuntime Behavior [ RunTime:-0.134007s ]
INFO: Run content_replace Behavior [ RunTime:-0.171010s ]
INFO: [ view_filter ] --END-- [ RunTime:0.110007s ]
INFO: [ view_end ] --START--
INFO: Run ShowPageTrace Behavior [ RunTime:-0.207012s ]
INFO: [ view_end ] --END-- [ RunTime:0.044002s ]

[ 2018-03-05T13:48:31+08:00 ] 127.0.0.1 HTTP://cz1.baicaio.com/
INFO: [ app_begin ] --START--
INFO: Run ReadHtmlCache Behavior [ RunTime:0.001001s ]
INFO: Run check_ipban Behavior [ RunTime:0.000000s ]
INFO: Run load_lang Behavior [ RunTime:-0.003000s ]
INFO: [ app_begin ] --END-- [ RunTime:0.007001s ]
INFO: [ view_template ] --START--
INFO: Run basic_template Behavior [ RunTime:-0.016000s ]
INFO: [ view_template ] --END-- [ RunTime:0.004001s ]
INFO: [ view_parse ] --START--
INFO: [ view_template ] --START--
INFO: Run basic_template Behavior [ RunTime:-0.025001s ]
INFO: [ view_template ] --END-- [ RunTime:-0.005000s ]
INFO: [ view_template ] --START--
INFO: Run basic_template Behavior [ RunTime:-0.027001s ]
INFO: [ view_template ] --END-- [ RunTime:-0.007000s ]
INFO: [ view_template ] --START--
INFO: Run basic_template Behavior [ RunTime:-0.036002s ]
INFO: [ view_template ] --END-- [ RunTime:-0.016001s ]
INFO: [ view_template ] --START--
INFO: Run basic_template Behavior [ RunTime:-0.043002s ]
INFO: [ view_template ] --END-- [ RunTime:-0.023001s ]
NOTIC: [8] Undefined variable: page_seo D:\repo\jing_voice\data\runtime\Cache\home\11e2f12d84b746b76491e3160c81a5b0.php 第 6 行.
NOTIC: [8] Undefined variable: page_seo D:\repo\jing_voice\data\runtime\Cache\home\11e2f12d84b746b76491e3160c81a5b0.php 第 8 行.
NOTIC: [8] Undefined variable: page_seo D:\repo\jing_voice\data\runtime\Cache\home\11e2f12d84b746b76491e3160c81a5b0.php 第 10 行.
INFO: Run ParseTemplate Behavior [ RunTime:-0.043002s ]
INFO: [ view_parse ] --END-- [ RunTime:0.052003s ]
INFO: [ view_filter ] --START--
INFO: Run ContentReplace Behavior [ RunTime:-0.072004s ]
INFO: Run TokenBuild Behavior [ RunTime:-0.074004s ]
INFO: Run WriteHtmlCache Behavior [ RunTime:-0.075004s ]
INFO: Run ShowRuntime Behavior [ RunTime:-0.076004s ]
INFO: Run content_replace Behavior [ RunTime:-0.078004s ]
INFO: [ view_filter ] --END-- [ RunTime:0.007000s ]
INFO: [ view_end ] --START--
INFO: Run ShowPageTrace Behavior [ RunTime:-0.079004s ]
INFO: [ view_end ] --END-- [ RunTime:0.002000s ]

[ 2018-03-05T13:48:31+08:00 ] 127.0.0.1 /
INFO: [ app_begin ] --START--
INFO: Run ReadHtmlCache Behavior [ RunTime:0.001000s ]
INFO: Run check_ipban Behavior [ RunTime:0.000000s ]
INFO: Run load_lang Behavior [ RunTime:-0.002000s ]
INFO: [ app_begin ] --END-- [ RunTime:0.005000s ]
INFO: [ view_template ] --START--
INFO: Run basic_template Behavior [ RunTime:-0.012000s ]
INFO: [ view_template ] --END-- [ RunTime:0.002000s ]
INFO: [ view_parse ] --START--
INFO: [ view_template ] --START--
INFO: Run basic_template Behavior [ RunTime:-0.018001s ]
INFO: [ view_template ] --END-- [ RunTime:-0.004001s ]
INFO: [ view_template ] --START--
INFO: Run basic_template Behavior [ RunTime:-0.019001s ]
INFO: [ view_template ] --END-- [ RunTime:-0.005001s ]
INFO: [ view_template ] --START--
INFO: Run basic_template Behavior [ RunTime:-0.021001s ]
INFO: [ view_template ] --END-- [ RunTime:-0.007001s ]
INFO: [ view_template ] --START--
INFO: Run basic_template Behavior [ RunTime:-0.022001s ]
INFO: [ view_template ] --END-- [ RunTime:-0.008001s ]
NOTIC: [8] Undefined variable: page_seo D:\repo\jing_voice\data\runtime\Cache\home\11e2f12d84b746b76491e3160c81a5b0.php 第 6 行.
NOTIC: [8] Undefined variable: page_seo D:\repo\jing_voice\data\runtime\Cache\home\11e2f12d84b746b76491e3160c81a5b0.php 第 8 行.
NOTIC: [8] Undefined variable: page_seo D:\repo\jing_voice\data\runtime\Cache\home\11e2f12d84b746b76491e3160c81a5b0.php 第 10 行.
INFO: Run ParseTemplate Behavior [ RunTime:-0.022001s ]
INFO: [ view_parse ] --END-- [ RunTime:0.022002s ]
INFO: [ view_filter ] --START--
INFO: Run ContentReplace Behavior [ RunTime:-0.036002s ]
INFO: Run TokenBuild Behavior [ RunTime:-0.037002s ]
INFO: Run WriteHtmlCache Behavior [ RunTime:-0.038002s ]
INFO: Run ShowRuntime Behavior [ RunTime:-0.038002s ]
INFO: Run content_replace Behavior [ RunTime:-0.039002s ]
INFO: [ view_filter ] --END-- [ RunTime:0.004000s ]
INFO: [ view_end ] --START--
INFO: Run ShowPageTrace Behavior [ RunTime:-0.040002s ]
INFO: [ view_end ] --END-- [ RunTime:0.001000s ]

